<?xml version="1.0" encoding="UTF-8"?>
<checkstyle version="8.45.1">
<file name="C:\Users\maxwe\OneDrive\Desktop\Projects\git\book_converter\converter\src\main\java\com\converter\App.java">
<error line="3" column="1" severity="error" message="&apos;import&apos; sollte durch eine Leerzeile von der vorherigen Zeile getrennt sein." source="com.puppycrawl.tools.checkstyle.checks.whitespace.EmptyLineSeparatorCheck"/>
<error line="7" severity="error" message="Line has trailing spaces." source="com.puppycrawl.tools.checkstyle.checks.regexp.RegexpSinglelineCheck"/>
<error line="9" severity="error" message="Line has trailing spaces." source="com.puppycrawl.tools.checkstyle.checks.regexp.RegexpSinglelineCheck"/>
<error line="12" severity="error" message="Line has trailing spaces." source="com.puppycrawl.tools.checkstyle.checks.regexp.RegexpSinglelineCheck"/>
<error line="16" column="1" severity="error" message="Hilfsklassen sollten keinen Standard-Konstruktur und keinen als public deklarierten Konstruktor haben." source="com.puppycrawl.tools.checkstyle.checks.design.HideUtilityClassConstructorCheck"/>
<error line="18" column="1" severity="error" message="Die Datei enthält Tabulatorzeichen (dies ist das erste Vorkommen)." source="com.puppycrawl.tools.checkstyle.checks.whitespace.FileTabCharacterCheck"/>
<error line="19" column="9" severity="error" message="&apos;member def modifier&apos; hat eine unerwartete Einrückungstiefe von 8 (erwartet: 4)." source="com.puppycrawl.tools.checkstyle.checks.indentation.IndentationCheck"/>
<error line="21" column="9" severity="error" message="&apos;member def modifier&apos; hat eine unerwartete Einrückungstiefe von 8 (erwartet: 4)." source="com.puppycrawl.tools.checkstyle.checks.indentation.IndentationCheck"/>
<error line="23" column="9" severity="error" message="&apos;member def modifier&apos; hat eine unerwartete Einrückungstiefe von 8 (erwartet: 4)." source="com.puppycrawl.tools.checkstyle.checks.indentation.IndentationCheck"/>
<error line="23" column="9" severity="error" message="Es fehlt ein Javadoc-Kommentar." source="com.puppycrawl.tools.checkstyle.checks.javadoc.JavadocVariableCheck"/>
<error line="23" column="9" severity="error" message="Fehlerhafte Deklarationsreihenfolge für diesen Scope." source="com.puppycrawl.tools.checkstyle.checks.coding.DeclarationOrderCheck"/>
<error line="23" column="30" severity="error" message="Das Feld &apos;win&apos; muss als private deklariert werden und Zugriffsmethoden haben." source="com.puppycrawl.tools.checkstyle.checks.design.VisibilityModifierCheck"/>
<error line="24" severity="error" message="Line has trailing spaces." source="com.puppycrawl.tools.checkstyle.checks.regexp.RegexpSinglelineCheck"/>
<error line="26" column="9" severity="error" message="&apos;method def modifier&apos; hat eine unerwartete Einrückungstiefe von 8 (erwartet: 4)." source="com.puppycrawl.tools.checkstyle.checks.indentation.IndentationCheck"/>
<error line="26" column="9" severity="error" message="Es fehlt ein Javadoc-Kommentar." source="com.puppycrawl.tools.checkstyle.checks.javadoc.MissingJavadocMethodCheck"/>
<error line="27" severity="error" message="Line has trailing spaces." source="com.puppycrawl.tools.checkstyle.checks.regexp.RegexpSinglelineCheck"/>
<error line="29" column="17" severity="error" message="Das Unterelement von &apos;method def&apos; hat eine unerwartete Einrückungstiefe von 16 (erwartet: 8)." source="com.puppycrawl.tools.checkstyle.checks.indentation.IndentationCheck"/>
<error line="29" column="34" severity="error" message="Die magische Zahl &apos;300&apos; sollte als Konstante definiert werden." source="com.puppycrawl.tools.checkstyle.checks.coding.MagicNumberCheck"/>
<error line="29" column="39" severity="error" message="Die magische Zahl &apos;300&apos; sollte als Konstante definiert werden." source="com.puppycrawl.tools.checkstyle.checks.coding.MagicNumberCheck"/>
<error line="30" severity="error" message="Line has trailing spaces." source="com.puppycrawl.tools.checkstyle.checks.regexp.RegexpSinglelineCheck"/>
<error line="32" column="17" severity="error" message="Das Unterelement von &apos;method def&apos; hat eine unerwartete Einrückungstiefe von 16 (erwartet: 8)." source="com.puppycrawl.tools.checkstyle.checks.indentation.IndentationCheck"/>
<error line="33" column="13" severity="error" message="&apos;method def modifier&apos; hat eine unerwartete Einrückungstiefe von 12. Erwartet wird eine der folgenden Einrückungstiefen: 20, 24." source="com.puppycrawl.tools.checkstyle.checks.indentation.IndentationCheck"/>
<error line="34" column="17" severity="error" message="Das Unterelement von &apos;method def&apos; hat eine unerwartete Einrückungstiefe von 16. Erwartet wird eine der folgenden Einrückungstiefen: 24, 28." source="com.puppycrawl.tools.checkstyle.checks.indentation.IndentationCheck"/>
<error line="36" column="13" severity="error" message="&apos;method def rcurly&apos; hat eine unerwartete Einrückungstiefe von 12. Erwartet wird eine der folgenden Einrückungstiefen: 20, 24." source="com.puppycrawl.tools.checkstyle.checks.indentation.IndentationCheck"/>
<error line="37" column="9" severity="error" message="&apos;object def rcurly&apos; hat eine unerwartete Einrückungstiefe von 8. Erwartet wird eine der folgenden Einrückungstiefen: 16, 20." source="com.puppycrawl.tools.checkstyle.checks.indentation.IndentationCheck"/>
<error line="39" column="9" severity="error" message="&apos;method def rcurly&apos; hat eine unerwartete Einrückungstiefe von 8 (erwartet: 4)." source="com.puppycrawl.tools.checkstyle.checks.indentation.IndentationCheck"/>
</file>
<file name="C:\Users\maxwe\OneDrive\Desktop\Projects\git\book_converter\converter\src\main\java\com\converter\modules\Classes\Book.java">
<error line="1" column="9" severity="error" message="Der Bezeichner &apos;com.converter.modules.Classes&apos; entspricht nicht dem Muster &apos;^[a-z]+(\.[a-z][a-z0-9]*)*$&apos;." source="com.puppycrawl.tools.checkstyle.checks.naming.PackageNameCheck"/>
<error line="6" severity="error" message="Line has trailing spaces." source="com.puppycrawl.tools.checkstyle.checks.regexp.RegexpSinglelineCheck"/>
<error line="14" severity="error" message="Line has trailing spaces." source="com.puppycrawl.tools.checkstyle.checks.regexp.RegexpSinglelineCheck"/>
<error line="15" severity="error" message="Line has trailing spaces." source="com.puppycrawl.tools.checkstyle.checks.regexp.RegexpSinglelineCheck"/>
<error line="18" column="5" severity="error" message="Es fehlt ein Javadoc-Kommentar." source="com.puppycrawl.tools.checkstyle.checks.javadoc.JavadocVariableCheck"/>
<error line="18" column="19" severity="error" message="Das Feld &apos;pages&apos; muss als private deklariert werden und Zugriffsmethoden haben." source="com.puppycrawl.tools.checkstyle.checks.design.VisibilityModifierCheck"/>
<error line="20" column="5" severity="error" message="Es fehlt ein Javadoc-Kommentar." source="com.puppycrawl.tools.checkstyle.checks.javadoc.JavadocVariableCheck"/>
<error line="20" column="19" severity="error" message="Das Feld &apos;type&apos; muss als private deklariert werden und Zugriffsmethoden haben." source="com.puppycrawl.tools.checkstyle.checks.design.VisibilityModifierCheck"/>
<error line="22" column="5" severity="error" message="Es fehlt ein Javadoc-Kommentar." source="com.puppycrawl.tools.checkstyle.checks.javadoc.JavadocVariableCheck"/>
<error line="22" column="19" severity="error" message="Das Feld &apos;numInSrs&apos; muss als private deklariert werden und Zugriffsmethoden haben." source="com.puppycrawl.tools.checkstyle.checks.design.VisibilityModifierCheck"/>
<error line="24" column="5" severity="error" message="Es fehlt ein Javadoc-Kommentar." source="com.puppycrawl.tools.checkstyle.checks.javadoc.JavadocVariableCheck"/>
<error line="24" column="19" severity="error" message="Das Feld &apos;width&apos; muss als private deklariert werden und Zugriffsmethoden haben." source="com.puppycrawl.tools.checkstyle.checks.design.VisibilityModifierCheck"/>
<error line="26" column="5" severity="error" message="Es fehlt ein Javadoc-Kommentar." source="com.puppycrawl.tools.checkstyle.checks.javadoc.JavadocVariableCheck"/>
<error line="26" column="19" severity="error" message="Das Feld &apos;press&apos; muss als private deklariert werden und Zugriffsmethoden haben." source="com.puppycrawl.tools.checkstyle.checks.design.VisibilityModifierCheck"/>
<error line="28" column="5" severity="error" message="Es fehlt ein Javadoc-Kommentar." source="com.puppycrawl.tools.checkstyle.checks.javadoc.JavadocVariableCheck"/>
<error line="28" column="19" severity="error" message="Das Feld &apos;date&apos; muss als private deklariert werden und Zugriffsmethoden haben." source="com.puppycrawl.tools.checkstyle.checks.design.VisibilityModifierCheck"/>
<error line="30" column="5" severity="error" message="Es fehlt ein Javadoc-Kommentar." source="com.puppycrawl.tools.checkstyle.checks.javadoc.JavadocVariableCheck"/>
<error line="30" column="19" severity="error" message="Das Feld &apos;place&apos; muss als private deklariert werden und Zugriffsmethoden haben." source="com.puppycrawl.tools.checkstyle.checks.design.VisibilityModifierCheck"/>
<error line="32" column="5" severity="error" message="Es fehlt ein Javadoc-Kommentar." source="com.puppycrawl.tools.checkstyle.checks.javadoc.JavadocVariableCheck"/>
<error line="32" column="19" severity="error" message="Das Feld &apos;college&apos; muss als private deklariert werden und Zugriffsmethoden haben." source="com.puppycrawl.tools.checkstyle.checks.design.VisibilityModifierCheck"/>
<error line="34" column="5" severity="error" message="Es fehlt ein Javadoc-Kommentar." source="com.puppycrawl.tools.checkstyle.checks.javadoc.JavadocVariableCheck"/>
<error line="34" column="19" severity="error" message="Das Feld &apos;ide&apos; muss als private deklariert werden und Zugriffsmethoden haben." source="com.puppycrawl.tools.checkstyle.checks.design.VisibilityModifierCheck"/>
<error line="36" column="5" severity="error" message="Es fehlt ein Javadoc-Kommentar." source="com.puppycrawl.tools.checkstyle.checks.javadoc.JavadocVariableCheck"/>
<error line="36" column="19" severity="error" message="Das Feld &apos;isbn10&apos; muss als private deklariert werden und Zugriffsmethoden haben." source="com.puppycrawl.tools.checkstyle.checks.design.VisibilityModifierCheck"/>
<error line="38" column="5" severity="error" message="Es fehlt ein Javadoc-Kommentar." source="com.puppycrawl.tools.checkstyle.checks.javadoc.JavadocVariableCheck"/>
<error line="38" column="19" severity="error" message="Das Feld &apos;isbn13&apos; muss als private deklariert werden und Zugriffsmethoden haben." source="com.puppycrawl.tools.checkstyle.checks.design.VisibilityModifierCheck"/>
<error line="40" column="5" severity="error" message="Es fehlt ein Javadoc-Kommentar." source="com.puppycrawl.tools.checkstyle.checks.javadoc.JavadocVariableCheck"/>
<error line="40" column="19" severity="error" message="Das Feld &apos;year&apos; muss als private deklariert werden und Zugriffsmethoden haben." source="com.puppycrawl.tools.checkstyle.checks.design.VisibilityModifierCheck"/>
<error line="42" column="5" severity="error" message="Es fehlt ein Javadoc-Kommentar." source="com.puppycrawl.tools.checkstyle.checks.javadoc.JavadocVariableCheck"/>
<error line="42" column="19" severity="error" message="Das Feld &apos;price&apos; muss als private deklariert werden und Zugriffsmethoden haben." source="com.puppycrawl.tools.checkstyle.checks.design.VisibilityModifierCheck"/>
<error line="44" column="5" severity="error" message="Es fehlt ein Javadoc-Kommentar." source="com.puppycrawl.tools.checkstyle.checks.javadoc.JavadocVariableCheck"/>
<error line="44" column="19" severity="error" message="Das Feld &apos;keywords&apos; muss als private deklariert werden und Zugriffsmethoden haben." source="com.puppycrawl.tools.checkstyle.checks.design.VisibilityModifierCheck"/>
<error line="46" column="5" severity="error" message="Es fehlt ein Javadoc-Kommentar." source="com.puppycrawl.tools.checkstyle.checks.javadoc.JavadocVariableCheck"/>
<error line="46" column="19" severity="error" message="Das Feld &apos;series&apos; muss als private deklariert werden und Zugriffsmethoden haben." source="com.puppycrawl.tools.checkstyle.checks.design.VisibilityModifierCheck"/>
<error line="48" column="5" severity="error" message="Es fehlt ein Javadoc-Kommentar." source="com.puppycrawl.tools.checkstyle.checks.javadoc.JavadocVariableCheck"/>
<error line="48" column="19" severity="error" message="Das Feld &apos;titleNum&apos; muss als private deklariert werden und Zugriffsmethoden haben." source="com.puppycrawl.tools.checkstyle.checks.design.VisibilityModifierCheck"/>
<error line="50" column="5" severity="error" message="Es fehlt ein Javadoc-Kommentar." source="com.puppycrawl.tools.checkstyle.checks.javadoc.JavadocVariableCheck"/>
<error line="50" column="19" severity="error" message="Das Feld &apos;title&apos; muss als private deklariert werden und Zugriffsmethoden haben." source="com.puppycrawl.tools.checkstyle.checks.design.VisibilityModifierCheck"/>
<error line="52" column="5" severity="error" message="Es fehlt ein Javadoc-Kommentar." source="com.puppycrawl.tools.checkstyle.checks.javadoc.JavadocVariableCheck"/>
<error line="52" column="19" severity="error" message="Das Feld &apos;uni&apos; muss als private deklariert werden und Zugriffsmethoden haben." source="com.puppycrawl.tools.checkstyle.checks.design.VisibilityModifierCheck"/>
<error line="54" column="5" severity="error" message="Es fehlt ein Javadoc-Kommentar." source="com.puppycrawl.tools.checkstyle.checks.javadoc.JavadocVariableCheck"/>
<error line="54" column="19" severity="error" message="Das Feld &apos;publisher&apos; muss als private deklariert werden und Zugriffsmethoden haben." source="com.puppycrawl.tools.checkstyle.checks.design.VisibilityModifierCheck"/>
<error line="56" column="5" severity="error" message="Es fehlt ein Javadoc-Kommentar." source="com.puppycrawl.tools.checkstyle.checks.javadoc.JavadocVariableCheck"/>
<error line="56" column="19" severity="error" message="Das Feld &apos;tgtGrp&apos; muss als private deklariert werden und Zugriffsmethoden haben." source="com.puppycrawl.tools.checkstyle.checks.design.VisibilityModifierCheck"/>
<error line="69" column="9" severity="error" message="Nach &apos;return&apos; fehlt ein Leerzeichen." source="com.puppycrawl.tools.checkstyle.checks.whitespace.WhitespaceAroundCheck"/>
<error line="69" column="15" severity="error" message="Überflüssige Klammern um den Rückgabewert." source="com.puppycrawl.tools.checkstyle.checks.coding.UnnecessaryParenthesesCheck"/>
<error line="77" column="9" severity="error" message="Nach &apos;return&apos; fehlt ein Leerzeichen." source="com.puppycrawl.tools.checkstyle.checks.whitespace.WhitespaceAroundCheck"/>
<error line="77" column="15" severity="error" message="Überflüssige Klammern um den Rückgabewert." source="com.puppycrawl.tools.checkstyle.checks.coding.UnnecessaryParenthesesCheck"/>
<error line="79" column="5" severity="error" message="&apos;METHOD_DEF&apos; sollte durch eine Leerzeile von der vorherigen Zeile getrennt sein." source="com.puppycrawl.tools.checkstyle.checks.whitespace.EmptyLineSeparatorCheck"/>
<error line="84" column="9" severity="error" message="Nach &apos;return&apos; fehlt ein Leerzeichen." source="com.puppycrawl.tools.checkstyle.checks.whitespace.WhitespaceAroundCheck"/>
<error line="84" column="15" severity="error" message="Überflüssige Klammern um den Rückgabewert." source="com.puppycrawl.tools.checkstyle.checks.coding.UnnecessaryParenthesesCheck"/>
<error line="86" column="5" severity="error" message="&apos;METHOD_DEF&apos; sollte durch eine Leerzeile von der vorherigen Zeile getrennt sein." source="com.puppycrawl.tools.checkstyle.checks.whitespace.EmptyLineSeparatorCheck"/>
<error line="91" column="9" severity="error" message="Nach &apos;return&apos; fehlt ein Leerzeichen." source="com.puppycrawl.tools.checkstyle.checks.whitespace.WhitespaceAroundCheck"/>
<error line="91" column="15" severity="error" message="Überflüssige Klammern um den Rückgabewert." source="com.puppycrawl.tools.checkstyle.checks.coding.UnnecessaryParenthesesCheck"/>
<error line="93" column="5" severity="error" message="&apos;METHOD_DEF&apos; sollte durch eine Leerzeile von der vorherigen Zeile getrennt sein." source="com.puppycrawl.tools.checkstyle.checks.whitespace.EmptyLineSeparatorCheck"/>
<error line="98" column="9" severity="error" message="Nach &apos;return&apos; fehlt ein Leerzeichen." source="com.puppycrawl.tools.checkstyle.checks.whitespace.WhitespaceAroundCheck"/>
<error line="98" column="15" severity="error" message="Überflüssige Klammern um den Rückgabewert." source="com.puppycrawl.tools.checkstyle.checks.coding.UnnecessaryParenthesesCheck"/>
<error line="100" column="5" severity="error" message="&apos;METHOD_DEF&apos; sollte durch eine Leerzeile von der vorherigen Zeile getrennt sein." source="com.puppycrawl.tools.checkstyle.checks.whitespace.EmptyLineSeparatorCheck"/>
<error line="105" column="9" severity="error" message="Nach &apos;return&apos; fehlt ein Leerzeichen." source="com.puppycrawl.tools.checkstyle.checks.whitespace.WhitespaceAroundCheck"/>
<error line="105" column="15" severity="error" message="Überflüssige Klammern um den Rückgabewert." source="com.puppycrawl.tools.checkstyle.checks.coding.UnnecessaryParenthesesCheck"/>
<error line="107" column="5" severity="error" message="&apos;METHOD_DEF&apos; sollte durch eine Leerzeile von der vorherigen Zeile getrennt sein." source="com.puppycrawl.tools.checkstyle.checks.whitespace.EmptyLineSeparatorCheck"/>
<error line="112" column="9" severity="error" message="Nach &apos;return&apos; fehlt ein Leerzeichen." source="com.puppycrawl.tools.checkstyle.checks.whitespace.WhitespaceAroundCheck"/>
<error line="112" column="15" severity="error" message="Überflüssige Klammern um den Rückgabewert." source="com.puppycrawl.tools.checkstyle.checks.coding.UnnecessaryParenthesesCheck"/>
<error line="114" column="5" severity="error" message="&apos;METHOD_DEF&apos; sollte durch eine Leerzeile von der vorherigen Zeile getrennt sein." source="com.puppycrawl.tools.checkstyle.checks.whitespace.EmptyLineSeparatorCheck"/>
<error line="119" column="9" severity="error" message="Nach &apos;return&apos; fehlt ein Leerzeichen." source="com.puppycrawl.tools.checkstyle.checks.whitespace.WhitespaceAroundCheck"/>
<error line="119" column="15" severity="error" message="Überflüssige Klammern um den Rückgabewert." source="com.puppycrawl.tools.checkstyle.checks.coding.UnnecessaryParenthesesCheck"/>
<error line="121" column="5" severity="error" message="&apos;METHOD_DEF&apos; sollte durch eine Leerzeile von der vorherigen Zeile getrennt sein." source="com.puppycrawl.tools.checkstyle.checks.whitespace.EmptyLineSeparatorCheck"/>
<error line="126" column="9" severity="error" message="Nach &apos;return&apos; fehlt ein Leerzeichen." source="com.puppycrawl.tools.checkstyle.checks.whitespace.WhitespaceAroundCheck"/>
<error line="126" column="15" severity="error" message="Überflüssige Klammern um den Rückgabewert." source="com.puppycrawl.tools.checkstyle.checks.coding.UnnecessaryParenthesesCheck"/>
<error line="128" column="5" severity="error" message="&apos;METHOD_DEF&apos; sollte durch eine Leerzeile von der vorherigen Zeile getrennt sein." source="com.puppycrawl.tools.checkstyle.checks.whitespace.EmptyLineSeparatorCheck"/>
<error line="133" column="9" severity="error" message="Nach &apos;return&apos; fehlt ein Leerzeichen." source="com.puppycrawl.tools.checkstyle.checks.whitespace.WhitespaceAroundCheck"/>
<error line="133" column="15" severity="error" message="Überflüssige Klammern um den Rückgabewert." source="com.puppycrawl.tools.checkstyle.checks.coding.UnnecessaryParenthesesCheck"/>
<error line="135" column="5" severity="error" message="&apos;METHOD_DEF&apos; sollte durch eine Leerzeile von der vorherigen Zeile getrennt sein." source="com.puppycrawl.tools.checkstyle.checks.whitespace.EmptyLineSeparatorCheck"/>
<error line="140" column="9" severity="error" message="Nach &apos;return&apos; fehlt ein Leerzeichen." source="com.puppycrawl.tools.checkstyle.checks.whitespace.WhitespaceAroundCheck"/>
<error line="140" column="15" severity="error" message="Überflüssige Klammern um den Rückgabewert." source="com.puppycrawl.tools.checkstyle.checks.coding.UnnecessaryParenthesesCheck"/>
<error line="142" column="5" severity="error" message="&apos;METHOD_DEF&apos; sollte durch eine Leerzeile von der vorherigen Zeile getrennt sein." source="com.puppycrawl.tools.checkstyle.checks.whitespace.EmptyLineSeparatorCheck"/>
<error line="147" column="9" severity="error" message="Nach &apos;return&apos; fehlt ein Leerzeichen." source="com.puppycrawl.tools.checkstyle.checks.whitespace.WhitespaceAroundCheck"/>
<error line="147" column="15" severity="error" message="Überflüssige Klammern um den Rückgabewert." source="com.puppycrawl.tools.checkstyle.checks.coding.UnnecessaryParenthesesCheck"/>
<error line="149" column="5" severity="error" message="&apos;METHOD_DEF&apos; sollte durch eine Leerzeile von der vorherigen Zeile getrennt sein." source="com.puppycrawl.tools.checkstyle.checks.whitespace.EmptyLineSeparatorCheck"/>
<error line="154" column="9" severity="error" message="Nach &apos;return&apos; fehlt ein Leerzeichen." source="com.puppycrawl.tools.checkstyle.checks.whitespace.WhitespaceAroundCheck"/>
<error line="154" column="15" severity="error" message="Überflüssige Klammern um den Rückgabewert." source="com.puppycrawl.tools.checkstyle.checks.coding.UnnecessaryParenthesesCheck"/>
<error line="156" column="5" severity="error" message="&apos;METHOD_DEF&apos; sollte durch eine Leerzeile von der vorherigen Zeile getrennt sein." source="com.puppycrawl.tools.checkstyle.checks.whitespace.EmptyLineSeparatorCheck"/>
<error line="161" column="9" severity="error" message="Nach &apos;return&apos; fehlt ein Leerzeichen." source="com.puppycrawl.tools.checkstyle.checks.whitespace.WhitespaceAroundCheck"/>
<error line="161" column="15" severity="error" message="Überflüssige Klammern um den Rückgabewert." source="com.puppycrawl.tools.checkstyle.checks.coding.UnnecessaryParenthesesCheck"/>
<error line="163" column="5" severity="error" message="&apos;METHOD_DEF&apos; sollte durch eine Leerzeile von der vorherigen Zeile getrennt sein." source="com.puppycrawl.tools.checkstyle.checks.whitespace.EmptyLineSeparatorCheck"/>
<error line="168" column="9" severity="error" message="Nach &apos;return&apos; fehlt ein Leerzeichen." source="com.puppycrawl.tools.checkstyle.checks.whitespace.WhitespaceAroundCheck"/>
<error line="168" column="15" severity="error" message="Überflüssige Klammern um den Rückgabewert." source="com.puppycrawl.tools.checkstyle.checks.coding.UnnecessaryParenthesesCheck"/>
<error line="170" column="5" severity="error" message="&apos;METHOD_DEF&apos; sollte durch eine Leerzeile von der vorherigen Zeile getrennt sein." source="com.puppycrawl.tools.checkstyle.checks.whitespace.EmptyLineSeparatorCheck"/>
<error line="175" column="9" severity="error" message="Nach &apos;return&apos; fehlt ein Leerzeichen." source="com.puppycrawl.tools.checkstyle.checks.whitespace.WhitespaceAroundCheck"/>
<error line="175" column="15" severity="error" message="Überflüssige Klammern um den Rückgabewert." source="com.puppycrawl.tools.checkstyle.checks.coding.UnnecessaryParenthesesCheck"/>
<error line="177" column="5" severity="error" message="&apos;METHOD_DEF&apos; sollte durch eine Leerzeile von der vorherigen Zeile getrennt sein." source="com.puppycrawl.tools.checkstyle.checks.whitespace.EmptyLineSeparatorCheck"/>
<error line="182" column="9" severity="error" message="Nach &apos;return&apos; fehlt ein Leerzeichen." source="com.puppycrawl.tools.checkstyle.checks.whitespace.WhitespaceAroundCheck"/>
<error line="182" column="15" severity="error" message="Überflüssige Klammern um den Rückgabewert." source="com.puppycrawl.tools.checkstyle.checks.coding.UnnecessaryParenthesesCheck"/>
<error line="184" column="5" severity="error" message="&apos;METHOD_DEF&apos; sollte durch eine Leerzeile von der vorherigen Zeile getrennt sein." source="com.puppycrawl.tools.checkstyle.checks.whitespace.EmptyLineSeparatorCheck"/>
<error line="189" column="9" severity="error" message="Nach &apos;return&apos; fehlt ein Leerzeichen." source="com.puppycrawl.tools.checkstyle.checks.whitespace.WhitespaceAroundCheck"/>
<error line="189" column="15" severity="error" message="Überflüssige Klammern um den Rückgabewert." source="com.puppycrawl.tools.checkstyle.checks.coding.UnnecessaryParenthesesCheck"/>
<error line="197" column="9" severity="error" message="Nach &apos;return&apos; fehlt ein Leerzeichen." source="com.puppycrawl.tools.checkstyle.checks.whitespace.WhitespaceAroundCheck"/>
<error line="197" column="15" severity="error" message="Überflüssige Klammern um den Rückgabewert." source="com.puppycrawl.tools.checkstyle.checks.coding.UnnecessaryParenthesesCheck"/>
<error line="205" column="9" severity="error" message="Nach &apos;return&apos; fehlt ein Leerzeichen." source="com.puppycrawl.tools.checkstyle.checks.whitespace.WhitespaceAroundCheck"/>
<error line="205" column="15" severity="error" message="Überflüssige Klammern um den Rückgabewert." source="com.puppycrawl.tools.checkstyle.checks.coding.UnnecessaryParenthesesCheck"/>
<error line="206" column="5" severity="error" message="Hinter &apos;}&apos; steht mehr als eine leere Zeile." source="com.puppycrawl.tools.checkstyle.checks.whitespace.EmptyLineSeparatorCheck"/>
</file>
<file name="C:\Users\maxwe\OneDrive\Desktop\Projects\git\book_converter\converter\src\main\java\com\converter\modules\ConvertBtn.java">
<error line="3" column="1" severity="error" message="&apos;import&apos; sollte durch eine Leerzeile von der vorherigen Zeile getrennt sein." source="com.puppycrawl.tools.checkstyle.checks.whitespace.EmptyLineSeparatorCheck"/>
<error line="5" column="1" severity="error" message="Falsche Reihenfolge des Imports von &apos;java.awt.event.ActionEvent&apos;." source="com.puppycrawl.tools.checkstyle.checks.imports.ImportOrderCheck"/>
<error line="5" column="1" severity="error" message="Zusätzliche Trennung in der Importgruppe vor &apos;java.awt.event.ActionEvent&apos;" source="com.puppycrawl.tools.checkstyle.checks.imports.ImportOrderCheck"/>
<error line="5" column="8" severity="error" message="Nicht verwendeter Import - java.awt.event.ActionEvent." source="com.puppycrawl.tools.checkstyle.checks.imports.UnusedImportsCheck"/>
<error line="7" column="1" severity="error" message="Falsche Reihenfolge des Imports von &apos;java.awt.*&apos;." source="com.puppycrawl.tools.checkstyle.checks.imports.ImportOrderCheck"/>
<error line="7" column="1" severity="error" message="Zusätzliche Trennung in der Importgruppe vor &apos;java.awt.*&apos;" source="com.puppycrawl.tools.checkstyle.checks.imports.ImportOrderCheck"/>
<error line="8" column="8" severity="error" message="Nicht verwendeter Import - java.awt.event.ActionListener." source="com.puppycrawl.tools.checkstyle.checks.imports.UnusedImportsCheck"/>
<error line="11" severity="error" message="Line has trailing spaces." source="com.puppycrawl.tools.checkstyle.checks.regexp.RegexpSinglelineCheck"/>
<error line="13" severity="error" message="Line has trailing spaces." source="com.puppycrawl.tools.checkstyle.checks.regexp.RegexpSinglelineCheck"/>
<error line="16" severity="error" message="Line has trailing spaces." source="com.puppycrawl.tools.checkstyle.checks.regexp.RegexpSinglelineCheck"/>
<error line="18" severity="error" message="Line has trailing spaces." source="com.puppycrawl.tools.checkstyle.checks.regexp.RegexpSinglelineCheck"/>
<error line="20" severity="error" message="Line has trailing spaces." source="com.puppycrawl.tools.checkstyle.checks.regexp.RegexpSinglelineCheck"/>
<error line="25" column="1" severity="error" message="Die Datei enthält Tabulatorzeichen (dies ist das erste Vorkommen)." source="com.puppycrawl.tools.checkstyle.checks.whitespace.FileTabCharacterCheck"/>
<error line="26" column="9" severity="error" message="&apos;ctor def modifier&apos; hat eine unerwartete Einrückungstiefe von 8 (erwartet: 4)." source="com.puppycrawl.tools.checkstyle.checks.indentation.IndentationCheck"/>
<error line="26" column="9" severity="error" message="Es fehlt ein Javadoc-Kommentar." source="com.puppycrawl.tools.checkstyle.checks.javadoc.MissingJavadocMethodCheck"/>
<error line="27" severity="error" message="Line has trailing spaces." source="com.puppycrawl.tools.checkstyle.checks.regexp.RegexpSinglelineCheck"/>
<error line="28" column="17" severity="error" message="Das Unterelement von &apos;ctor def&apos; hat eine unerwartete Einrückungstiefe von 16 (erwartet: 8)." source="com.puppycrawl.tools.checkstyle.checks.indentation.IndentationCheck"/>
<error line="29" severity="error" message="Line has trailing spaces." source="com.puppycrawl.tools.checkstyle.checks.regexp.RegexpSinglelineCheck"/>
<error line="30" column="9" severity="error" message="&apos;ctor def rcurly&apos; hat eine unerwartete Einrückungstiefe von 8 (erwartet: 4)." source="com.puppycrawl.tools.checkstyle.checks.indentation.IndentationCheck"/>
<error line="33" column="9" severity="error" message="&apos;method def modifier&apos; hat eine unerwartete Einrückungstiefe von 8 (erwartet: 4)." source="com.puppycrawl.tools.checkstyle.checks.indentation.IndentationCheck"/>
<error line="35" column="9" severity="error" message="&apos;method def rcurly&apos; hat eine unerwartete Einrückungstiefe von 8 (erwartet: 4)." source="com.puppycrawl.tools.checkstyle.checks.indentation.IndentationCheck"/>
<error line="36" severity="error" message="Line has trailing spaces." source="com.puppycrawl.tools.checkstyle.checks.regexp.RegexpSinglelineCheck"/>
</file>
<file name="C:\Users\maxwe\OneDrive\Desktop\Projects\git\book_converter\converter\src\main\java\com\converter\modules\Footer.java">
<error line="4" column="1" severity="error" message="Falsche Reihenfolge des Imports von &apos;java.awt.*&apos;." source="com.puppycrawl.tools.checkstyle.checks.imports.ImportOrderCheck"/>
<error line="7" column="1" severity="error" message="Es fehlt ein Javadoc-Kommentar." source="com.puppycrawl.tools.checkstyle.checks.javadoc.MissingJavadocTypeCheck"/>
<error line="7" column="35" severity="error" message="Vor &apos;{&apos; fehlt ein Leerzeichen." source="com.puppycrawl.tools.checkstyle.checks.whitespace.WhitespaceAroundCheck"/>
<error line="9" column="1" severity="error" message="Die Datei enthält Tabulatorzeichen (dies ist das erste Vorkommen)." source="com.puppycrawl.tools.checkstyle.checks.whitespace.FileTabCharacterCheck"/>
<error line="10" column="9" severity="error" message="&apos;ctor def modifier&apos; hat eine unerwartete Einrückungstiefe von 8 (erwartet: 4)." source="com.puppycrawl.tools.checkstyle.checks.indentation.IndentationCheck"/>
<error line="10" column="9" severity="error" message="Es fehlt ein Javadoc-Kommentar." source="com.puppycrawl.tools.checkstyle.checks.javadoc.MissingJavadocMethodCheck"/>
<error line="11" severity="error" message="Line has trailing spaces." source="com.puppycrawl.tools.checkstyle.checks.regexp.RegexpSinglelineCheck"/>
<error line="13" column="17" severity="error" message="Das Unterelement von &apos;ctor def&apos; hat eine unerwartete Einrückungstiefe von 16 (erwartet: 8)." source="com.puppycrawl.tools.checkstyle.checks.indentation.IndentationCheck"/>
<error line="14" severity="error" message="Line has trailing spaces." source="com.puppycrawl.tools.checkstyle.checks.regexp.RegexpSinglelineCheck"/>
<error line="15" column="9" severity="error" message="&apos;ctor def rcurly&apos; hat eine unerwartete Einrückungstiefe von 8 (erwartet: 4)." source="com.puppycrawl.tools.checkstyle.checks.indentation.IndentationCheck"/>
<error line="16" severity="error" message="Line has trailing spaces." source="com.puppycrawl.tools.checkstyle.checks.regexp.RegexpSinglelineCheck"/>
</file>
<file name="C:\Users\maxwe\OneDrive\Desktop\Projects\git\book_converter\converter\src\main\java\com\converter\modules\functions\Config.java">
<error line="10" column="8" severity="error" message="Nicht verwendeter Import - java.util.Scanner." source="com.puppycrawl.tools.checkstyle.checks.imports.UnusedImportsCheck"/>
<error line="13" column="1" severity="error" message="Zusätzliche Trennung in der Importgruppe vor &apos;org.json.simple.*&apos;" source="com.puppycrawl.tools.checkstyle.checks.imports.ImportOrderCheck"/>
<error line="13" column="23" severity="error" message="Stern-Importe der Form &apos;.*&apos; sollten vermieden werden - org.json.simple.*." source="com.puppycrawl.tools.checkstyle.checks.imports.AvoidStarImportCheck"/>
<error line="18" column="1" severity="error" message="Vor &apos;/*&apos; steht mehr als eine leere Zeile." source="com.puppycrawl.tools.checkstyle.checks.whitespace.EmptyLineSeparatorCheck"/>
<error line="21" severity="error" message="Line has trailing spaces." source="com.puppycrawl.tools.checkstyle.checks.regexp.RegexpSinglelineCheck"/>
<error line="22" severity="error" message="Line has trailing spaces." source="com.puppycrawl.tools.checkstyle.checks.regexp.RegexpSinglelineCheck"/>
<error line="24" severity="error" message="Line has trailing spaces." source="com.puppycrawl.tools.checkstyle.checks.regexp.RegexpSinglelineCheck"/>
<error line="28" column="1" severity="error" message="Vor &apos;CLASS_DEF&apos; steht mehr als eine leere Zeile." source="com.puppycrawl.tools.checkstyle.checks.whitespace.EmptyLineSeparatorCheck"/>
<error line="29" severity="error" message="Line has trailing spaces." source="com.puppycrawl.tools.checkstyle.checks.regexp.RegexpSinglelineCheck"/>
<error line="41" severity="error" message="Line has trailing spaces." source="com.puppycrawl.tools.checkstyle.checks.regexp.RegexpSinglelineCheck"/>
<error line="41" column="20" severity="error" message="Die Variable &apos;tglocation&apos; wird explizit mit &apos;null&apos; initialisiert (was dem Standardwert ihres Typs entspricht)." source="com.puppycrawl.tools.checkstyle.checks.coding.ExplicitInitializationCheck"/>
<error line="43" column="20" severity="error" message="Die Variable &apos;mdblocation&apos; wird explizit mit &apos;null&apos; initialisiert (was dem Standardwert ihres Typs entspricht)." source="com.puppycrawl.tools.checkstyle.checks.coding.ExplicitInitializationCheck"/>
<error line="45" column="20" severity="error" message="Die Variable &apos;accdblocation&apos; wird explizit mit &apos;null&apos; initialisiert (was dem Standardwert ihres Typs entspricht)." source="com.puppycrawl.tools.checkstyle.checks.coding.ExplicitInitializationCheck"/>
<error line="57" severity="error" message="Line has trailing spaces." source="com.puppycrawl.tools.checkstyle.checks.regexp.RegexpSinglelineCheck"/>
<error line="59" severity="error" message="Line has trailing spaces." source="com.puppycrawl.tools.checkstyle.checks.regexp.RegexpSinglelineCheck"/>
<error line="60" column="5" severity="error" message="Es fehlt ein Javadoc-Kommentar." source="com.puppycrawl.tools.checkstyle.checks.javadoc.JavadocVariableCheck"/>
<error line="60" column="5" severity="error" message="Fehlerhafte Deklarationsreihenfolge für diesen Scope." source="com.puppycrawl.tools.checkstyle.checks.coding.DeclarationOrderCheck"/>
<error line="60" column="19" severity="error" message="Das Feld &apos;targetLoc&apos; muss als private deklariert werden und Zugriffsmethoden haben." source="com.puppycrawl.tools.checkstyle.checks.design.VisibilityModifierCheck"/>
<error line="62" severity="error" message="Der erste Satz sollte mit einem Punkt enden." source="com.puppycrawl.tools.checkstyle.checks.javadoc.JavadocStyleCheck"/>
<error line="63" severity="error" message="Line has trailing spaces." source="com.puppycrawl.tools.checkstyle.checks.regexp.RegexpSinglelineCheck"/>
<error line="65" severity="error" message="Line has trailing spaces." source="com.puppycrawl.tools.checkstyle.checks.regexp.RegexpSinglelineCheck"/>
<error line="89" severity="error" message="Line has trailing spaces." source="com.puppycrawl.tools.checkstyle.checks.regexp.RegexpSinglelineCheck"/>
<error line="108" severity="error" message="Der erste Satz sollte mit einem Punkt enden." source="com.puppycrawl.tools.checkstyle.checks.javadoc.JavadocStyleCheck"/>
<error line="110" severity="error" message="Line has trailing spaces." source="com.puppycrawl.tools.checkstyle.checks.regexp.RegexpSinglelineCheck"/>
<error line="112" severity="error" message="Line has trailing spaces." source="com.puppycrawl.tools.checkstyle.checks.regexp.RegexpSinglelineCheck"/>
<error line="115" column="32" severity="error" message="Die Variable &apos;path&apos; verbirgt ein Feld." source="com.puppycrawl.tools.checkstyle.checks.coding.HiddenFieldCheck"/>
<error line="116" severity="error" message="Line has trailing spaces." source="com.puppycrawl.tools.checkstyle.checks.regexp.RegexpSinglelineCheck"/>
<error line="118" column="9" severity="error" message="Nach &apos;if&apos; fehlt ein Leerzeichen." source="com.puppycrawl.tools.checkstyle.checks.whitespace.WhitespaceAfterCheck"/>
<error line="118" column="17" severity="error" message="Der Vergleich von String-Literalen sollte mit equals() erfolgen, nicht mit &apos;==&apos;." source="com.puppycrawl.tools.checkstyle.checks.coding.StringLiteralEqualityCheck"/>
<error line="120" column="34" severity="error" message="Vor &apos;{&apos; fehlt ein Leerzeichen." source="com.puppycrawl.tools.checkstyle.checks.whitespace.WhitespaceAroundCheck"/>
<error line="124" severity="error" message="Line has trailing spaces." source="com.puppycrawl.tools.checkstyle.checks.regexp.RegexpSinglelineCheck"/>
<error line="127" column="13" severity="error" message="Nach &apos;if&apos; fehlt ein Leerzeichen." source="com.puppycrawl.tools.checkstyle.checks.whitespace.WhitespaceAfterCheck"/>
<error line="132" column="19" severity="error" message="Nach &apos;catch&apos; fehlt ein Leerzeichen." source="com.puppycrawl.tools.checkstyle.checks.whitespace.WhitespaceAroundCheck"/>
<error line="136" severity="error" message="Line has trailing spaces." source="com.puppycrawl.tools.checkstyle.checks.regexp.RegexpSinglelineCheck"/>
<error line="150" severity="error" message="Line has trailing spaces." source="com.puppycrawl.tools.checkstyle.checks.regexp.RegexpSinglelineCheck"/>
<error line="159" column="13" severity="error" message="Nach &apos;if&apos; fehlt ein Leerzeichen." source="com.puppycrawl.tools.checkstyle.checks.whitespace.WhitespaceAfterCheck"/>
<error line="159" column="21" severity="error" message="Der Vergleich von String-Literalen sollte mit equals() erfolgen, nicht mit &apos;==&apos;." source="com.puppycrawl.tools.checkstyle.checks.coding.StringLiteralEqualityCheck"/>
<error line="160" severity="error" message="Line has trailing spaces." source="com.puppycrawl.tools.checkstyle.checks.regexp.RegexpSinglelineCheck"/>
<error line="162" column="38" severity="error" message="Vor &apos;{&apos; fehlt ein Leerzeichen." source="com.puppycrawl.tools.checkstyle.checks.whitespace.WhitespaceAroundCheck"/>
<error line="166" severity="error" message="Line has trailing spaces." source="com.puppycrawl.tools.checkstyle.checks.regexp.RegexpSinglelineCheck"/>
<error line="169" column="17" severity="error" message="Nach &apos;if&apos; fehlt ein Leerzeichen." source="com.puppycrawl.tools.checkstyle.checks.whitespace.WhitespaceAfterCheck"/>
<error line="174" column="23" severity="error" message="Nach &apos;catch&apos; fehlt ein Leerzeichen." source="com.puppycrawl.tools.checkstyle.checks.whitespace.WhitespaceAroundCheck"/>
<error line="178" severity="error" message="Line has trailing spaces." source="com.puppycrawl.tools.checkstyle.checks.regexp.RegexpSinglelineCheck"/>
<error line="192" severity="error" message="Line has trailing spaces." source="com.puppycrawl.tools.checkstyle.checks.regexp.RegexpSinglelineCheck"/>
<error line="196" severity="error" message="Line has trailing spaces." source="com.puppycrawl.tools.checkstyle.checks.regexp.RegexpSinglelineCheck"/>
<error line="197" severity="error" message="Line has trailing spaces." source="com.puppycrawl.tools.checkstyle.checks.regexp.RegexpSinglelineCheck"/>
<error line="198" column="20" severity="error" message="Nach &apos;if&apos; fehlt ein Leerzeichen." source="com.puppycrawl.tools.checkstyle.checks.whitespace.WhitespaceAfterCheck"/>
<error line="198" column="28" severity="error" message="Der Vergleich von String-Literalen sollte mit equals() erfolgen, nicht mit &apos;==&apos;." source="com.puppycrawl.tools.checkstyle.checks.coding.StringLiteralEqualityCheck"/>
<error line="199" severity="error" message="Line has trailing spaces." source="com.puppycrawl.tools.checkstyle.checks.regexp.RegexpSinglelineCheck"/>
<error line="201" column="38" severity="error" message="Vor &apos;{&apos; fehlt ein Leerzeichen." source="com.puppycrawl.tools.checkstyle.checks.whitespace.WhitespaceAroundCheck"/>
<error line="205" severity="error" message="Line has trailing spaces." source="com.puppycrawl.tools.checkstyle.checks.regexp.RegexpSinglelineCheck"/>
<error line="208" column="17" severity="error" message="Nach &apos;if&apos; fehlt ein Leerzeichen." source="com.puppycrawl.tools.checkstyle.checks.whitespace.WhitespaceAfterCheck"/>
<error line="213" column="23" severity="error" message="Nach &apos;catch&apos; fehlt ein Leerzeichen." source="com.puppycrawl.tools.checkstyle.checks.whitespace.WhitespaceAroundCheck"/>
<error line="217" severity="error" message="Line has trailing spaces." source="com.puppycrawl.tools.checkstyle.checks.regexp.RegexpSinglelineCheck"/>
<error line="231" severity="error" message="Line has trailing spaces." source="com.puppycrawl.tools.checkstyle.checks.regexp.RegexpSinglelineCheck"/>
<error line="235" severity="error" message="Line has trailing spaces." source="com.puppycrawl.tools.checkstyle.checks.regexp.RegexpSinglelineCheck"/>
<error line="236" severity="error" message="Line has trailing spaces." source="com.puppycrawl.tools.checkstyle.checks.regexp.RegexpSinglelineCheck"/>
<error line="238" severity="error" message="Line has trailing spaces." source="com.puppycrawl.tools.checkstyle.checks.regexp.RegexpSinglelineCheck"/>
<error line="240" severity="error" message="Line has trailing spaces." source="com.puppycrawl.tools.checkstyle.checks.regexp.RegexpSinglelineCheck"/>
<error line="243" severity="error" message="Der erste Satz sollte mit einem Punkt enden." source="com.puppycrawl.tools.checkstyle.checks.javadoc.JavadocStyleCheck"/>
<error line="245" severity="error" message="Line has trailing spaces." source="com.puppycrawl.tools.checkstyle.checks.regexp.RegexpSinglelineCheck"/>
<error line="246" severity="error" message="Line has trailing spaces." source="com.puppycrawl.tools.checkstyle.checks.regexp.RegexpSinglelineCheck"/>
<error line="253" severity="error" message="Line has trailing spaces." source="com.puppycrawl.tools.checkstyle.checks.regexp.RegexpSinglelineCheck"/>
<error line="254" column="9" severity="error" message="Nach &apos;if&apos; fehlt ein Leerzeichen." source="com.puppycrawl.tools.checkstyle.checks.whitespace.WhitespaceAfterCheck"/>
<error line="254" column="17" severity="error" message="Der Vergleich von String-Literalen sollte mit equals() erfolgen, nicht mit &apos;==&apos;." source="com.puppycrawl.tools.checkstyle.checks.coding.StringLiteralEqualityCheck"/>
<error line="255" severity="error" message="Line has trailing spaces." source="com.puppycrawl.tools.checkstyle.checks.regexp.RegexpSinglelineCheck"/>
<error line="257" column="13" severity="error" message="Nach &apos;try&apos; fehlt ein Leerzeichen." source="com.puppycrawl.tools.checkstyle.checks.whitespace.WhitespaceAroundCheck"/>
<error line="257" column="54" severity="error" message="Vor &apos;{&apos; fehlt ein Leerzeichen." source="com.puppycrawl.tools.checkstyle.checks.whitespace.WhitespaceAroundCheck"/>
<error line="264" severity="error" message="Line has trailing spaces." source="com.puppycrawl.tools.checkstyle.checks.regexp.RegexpSinglelineCheck"/>
<error line="265" severity="error" message="Line has trailing spaces." source="com.puppycrawl.tools.checkstyle.checks.regexp.RegexpSinglelineCheck"/>
<error line="266" column="16" severity="error" message="Nach &apos;if&apos; fehlt ein Leerzeichen." source="com.puppycrawl.tools.checkstyle.checks.whitespace.WhitespaceAfterCheck"/>
<error line="266" column="24" severity="error" message="Der Vergleich von String-Literalen sollte mit equals() erfolgen, nicht mit &apos;==&apos;." source="com.puppycrawl.tools.checkstyle.checks.coding.StringLiteralEqualityCheck"/>
<error line="266" column="45" severity="error" message="Der Vergleich von String-Literalen sollte mit equals() erfolgen, nicht mit &apos;==&apos;." source="com.puppycrawl.tools.checkstyle.checks.coding.StringLiteralEqualityCheck"/>
<error line="267" severity="error" message="Line has trailing spaces." source="com.puppycrawl.tools.checkstyle.checks.regexp.RegexpSinglelineCheck"/>
<error line="270" column="13" severity="error" message="Nach &apos;if&apos; fehlt ein Leerzeichen." source="com.puppycrawl.tools.checkstyle.checks.whitespace.WhitespaceAfterCheck"/>
<error line="270" column="21" severity="error" message="Der Vergleich von String-Literalen sollte mit equals() erfolgen, nicht mit &apos;==&apos;." source="com.puppycrawl.tools.checkstyle.checks.coding.StringLiteralEqualityCheck"/>
<error line="273" column="20" severity="error" message="Nach &apos;if&apos; fehlt ein Leerzeichen." source="com.puppycrawl.tools.checkstyle.checks.whitespace.WhitespaceAfterCheck"/>
<error line="273" column="28" severity="error" message="Der Vergleich von String-Literalen sollte mit equals() erfolgen, nicht mit &apos;==&apos;." source="com.puppycrawl.tools.checkstyle.checks.coding.StringLiteralEqualityCheck"/>
<error line="278" column="17" severity="error" message="Nach &apos;return&apos; fehlt ein Leerzeichen." source="com.puppycrawl.tools.checkstyle.checks.whitespace.WhitespaceAroundCheck"/>
<error line="278" column="24" severity="error" message="Überflüssige Klammern um den String &apos;&quot;0&quot;&apos;." source="com.puppycrawl.tools.checkstyle.checks.coding.UnnecessaryParenthesesCheck"/>
<error line="281" column="13" severity="error" message="Nach &apos;try&apos; fehlt ein Leerzeichen." source="com.puppycrawl.tools.checkstyle.checks.whitespace.WhitespaceAroundCheck"/>
<error line="287" severity="error" message="Line has trailing spaces." source="com.puppycrawl.tools.checkstyle.checks.regexp.RegexpSinglelineCheck"/>
<error line="290" column="13" severity="error" message="Nach &apos;return&apos; fehlt ein Leerzeichen." source="com.puppycrawl.tools.checkstyle.checks.whitespace.WhitespaceAroundCheck"/>
<error line="290" column="20" severity="error" message="Überflüssige Klammern um den String &apos;&quot;No such config file&quot;&apos;." source="com.puppycrawl.tools.checkstyle.checks.coding.UnnecessaryParenthesesCheck"/>
<error line="291" severity="error" message="Line has trailing spaces." source="com.puppycrawl.tools.checkstyle.checks.regexp.RegexpSinglelineCheck"/>
</file>
<file name="C:\Users\maxwe\OneDrive\Desktop\Projects\git\book_converter\converter\src\main\java\com\converter\modules\functions\ReadACCDB.java">
<error line="3" column="16" severity="error" message="Stern-Importe der Form &apos;.*&apos; sollten vermieden werden - java.sql.*." source="com.puppycrawl.tools.checkstyle.checks.imports.AvoidStarImportCheck"/>
<error line="4" column="17" severity="error" message="Stern-Importe der Form &apos;.*&apos; sollten vermieden werden - javax.sql.*." source="com.puppycrawl.tools.checkstyle.checks.imports.AvoidStarImportCheck"/>
<error line="9" severity="error" message="Line has trailing spaces." source="com.puppycrawl.tools.checkstyle.checks.regexp.RegexpSinglelineCheck"/>
<error line="17" severity="error" message="Der erste Satz sollte mit einem Punkt enden." source="com.puppycrawl.tools.checkstyle.checks.javadoc.JavadocStyleCheck"/>
<error line="19" column="8" severity="error" message="Nicht verwendetes Tag @param für &apos;path:&apos;." source="com.puppycrawl.tools.checkstyle.checks.javadoc.JavadocMethodCheck"/>
<error line="27" severity="error" message="Der erste Satz sollte mit einem Punkt enden." source="com.puppycrawl.tools.checkstyle.checks.javadoc.JavadocStyleCheck"/>
<error line="28" severity="error" message="Line has trailing spaces." source="com.puppycrawl.tools.checkstyle.checks.regexp.RegexpSinglelineCheck"/>
<error line="29" column="8" severity="error" message="Nicht verwendetes Tag @param für &apos;info:&apos;." source="com.puppycrawl.tools.checkstyle.checks.javadoc.JavadocMethodCheck"/>
<error line="34" column="9" severity="error" message="Nach &apos;return&apos; fehlt ein Leerzeichen." source="com.puppycrawl.tools.checkstyle.checks.whitespace.WhitespaceAroundCheck"/>
<error line="34" column="15" severity="error" message="Überflüssige Klammern um den Rückgabewert." source="com.puppycrawl.tools.checkstyle.checks.coding.UnnecessaryParenthesesCheck"/>
<error line="37" severity="error" message="Line has trailing spaces." source="com.puppycrawl.tools.checkstyle.checks.regexp.RegexpSinglelineCheck"/>
</file>
<file name="C:\Users\maxwe\OneDrive\Desktop\Projects\git\book_converter\converter\src\main\java\com\converter\modules\functions\ReadMDB.java">
<error line="3" column="16" severity="error" message="Stern-Importe der Form &apos;.*&apos; sollten vermieden werden - java.sql.*." source="com.puppycrawl.tools.checkstyle.checks.imports.AvoidStarImportCheck"/>
<error line="4" column="17" severity="error" message="Stern-Importe der Form &apos;.*&apos; sollten vermieden werden - javax.sql.*." source="com.puppycrawl.tools.checkstyle.checks.imports.AvoidStarImportCheck"/>
<error line="9" severity="error" message="Line has trailing spaces." source="com.puppycrawl.tools.checkstyle.checks.regexp.RegexpSinglelineCheck"/>
<error line="17" severity="error" message="Der erste Satz sollte mit einem Punkt enden." source="com.puppycrawl.tools.checkstyle.checks.javadoc.JavadocStyleCheck"/>
<error line="19" column="8" severity="error" message="Nicht verwendetes Tag @param für &apos;path:&apos;." source="com.puppycrawl.tools.checkstyle.checks.javadoc.JavadocMethodCheck"/>
<error line="26" severity="error" message="Line has trailing spaces." source="com.puppycrawl.tools.checkstyle.checks.regexp.RegexpSinglelineCheck"/>
<error line="27" severity="error" message="Der erste Satz sollte mit einem Punkt enden." source="com.puppycrawl.tools.checkstyle.checks.javadoc.JavadocStyleCheck"/>
<error line="28" severity="error" message="Line has trailing spaces." source="com.puppycrawl.tools.checkstyle.checks.regexp.RegexpSinglelineCheck"/>
<error line="29" column="8" severity="error" message="Nicht verwendetes Tag @param für &apos;info:&apos;." source="com.puppycrawl.tools.checkstyle.checks.javadoc.JavadocMethodCheck"/>
<error line="34" column="9" severity="error" message="Nach &apos;return&apos; fehlt ein Leerzeichen." source="com.puppycrawl.tools.checkstyle.checks.whitespace.WhitespaceAroundCheck"/>
<error line="34" column="15" severity="error" message="Überflüssige Klammern um den Rückgabewert." source="com.puppycrawl.tools.checkstyle.checks.coding.UnnecessaryParenthesesCheck"/>
</file>
<file name="C:\Users\maxwe\OneDrive\Desktop\Projects\git\book_converter\converter\src\main\java\com\converter\modules\functions\Tokenizer.java">
<error line="5" severity="error" message="Line has trailing spaces." source="com.puppycrawl.tools.checkstyle.checks.regexp.RegexpSinglelineCheck"/>
<error line="8" severity="error" message="Line has trailing spaces." source="com.puppycrawl.tools.checkstyle.checks.regexp.RegexpSinglelineCheck"/>
<error line="10" severity="error" message="Line has trailing spaces." source="com.puppycrawl.tools.checkstyle.checks.regexp.RegexpSinglelineCheck"/>
<error line="14" severity="error" message="Line has trailing spaces." source="com.puppycrawl.tools.checkstyle.checks.regexp.RegexpSinglelineCheck"/>
<error line="18" column="5" severity="error" message="Es fehlt ein Javadoc-Kommentar." source="com.puppycrawl.tools.checkstyle.checks.javadoc.JavadocVariableCheck"/>
<error line="18" column="5" severity="error" message="Fehlerhafte Deklarationsreihenfolge für diesen Scope." source="com.puppycrawl.tools.checkstyle.checks.coding.DeclarationOrderCheck"/>
<error line="18" column="20" severity="error" message="Das Feld &apos;testOut&apos; muss als private deklariert werden und Zugriffsmethoden haben." source="com.puppycrawl.tools.checkstyle.checks.design.VisibilityModifierCheck"/>
<error line="22" column="5" severity="error" message="Es fehlt ein Javadoc-Kommentar." source="com.puppycrawl.tools.checkstyle.checks.javadoc.MissingJavadocMethodCheck"/>
<error line="26" column="19" severity="error" message="Die magische Zahl &apos;5&apos; sollte als Konstante definiert werden." source="com.puppycrawl.tools.checkstyle.checks.coding.MagicNumberCheck"/>
<error line="31" column="5" severity="error" message="Es fehlt ein Javadoc-Kommentar." source="com.puppycrawl.tools.checkstyle.checks.javadoc.MissingJavadocMethodCheck"/>
<error line="38" severity="error" message="Line has trailing spaces." source="com.puppycrawl.tools.checkstyle.checks.regexp.RegexpSinglelineCheck"/>
<error line="38" column="34" severity="error" message="Nach &apos;*&apos; fehlt ein Leerzeichen." source="com.puppycrawl.tools.checkstyle.checks.whitespace.WhitespaceAroundCheck"/>
<error line="38" column="34" severity="error" message="Vor &apos;*&apos; fehlt ein Leerzeichen." source="com.puppycrawl.tools.checkstyle.checks.whitespace.WhitespaceAroundCheck"/>
<error line="38" column="38" severity="error" message="Nach &apos;+&apos; fehlt ein Leerzeichen." source="com.puppycrawl.tools.checkstyle.checks.whitespace.WhitespaceAroundCheck"/>
<error line="38" column="41" severity="error" message="Vor &apos;;&apos; befindet sich ein Leerzeichen." source="com.puppycrawl.tools.checkstyle.checks.whitespace.NoWhitespaceBeforeCheck"/>
<error line="41" column="9" severity="error" message="Nach &apos;if&apos; fehlt ein Leerzeichen." source="com.puppycrawl.tools.checkstyle.checks.whitespace.WhitespaceAfterCheck"/>
<error line="47" column="13" severity="error" message="Nach &apos;while&apos; fehlt ein Leerzeichen." source="com.puppycrawl.tools.checkstyle.checks.whitespace.WhitespaceAfterCheck"/>
<error line="47" column="30" severity="error" message="Nach &apos;*&apos; fehlt ein Leerzeichen." source="com.puppycrawl.tools.checkstyle.checks.whitespace.WhitespaceAroundCheck"/>
<error line="47" column="30" severity="error" message="Vor &apos;*&apos; fehlt ein Leerzeichen." source="com.puppycrawl.tools.checkstyle.checks.whitespace.WhitespaceAroundCheck"/>
<error line="50" column="17" severity="error" message="Nach &apos;if&apos; fehlt ein Leerzeichen." source="com.puppycrawl.tools.checkstyle.checks.whitespace.WhitespaceAfterCheck"/>
<error line="51" severity="error" message="Line has trailing spaces." source="com.puppycrawl.tools.checkstyle.checks.regexp.RegexpSinglelineCheck"/>
<error line="52" severity="error" message="Zeile ist 122 Zeichen lang (Obergrenze ist 120)." source="com.puppycrawl.tools.checkstyle.checks.sizes.LineLengthCheck"/>
<error line="53" column="33" severity="error" message="Nach &apos;-&apos; fehlt ein Leerzeichen." source="com.puppycrawl.tools.checkstyle.checks.whitespace.WhitespaceAroundCheck"/>
<error line="53" column="33" severity="error" message="Vor &apos;-&apos; fehlt ein Leerzeichen." source="com.puppycrawl.tools.checkstyle.checks.whitespace.WhitespaceAroundCheck"/>
<error line="58" column="21" severity="error" message="Nach &apos;for&apos; fehlt ein Leerzeichen." source="com.puppycrawl.tools.checkstyle.checks.whitespace.WhitespaceAfterCheck"/>
<error line="63" column="21" severity="error" message="Nach &apos;for&apos; fehlt ein Leerzeichen." source="com.puppycrawl.tools.checkstyle.checks.whitespace.WhitespaceAfterCheck"/>
<error line="65" column="25" severity="error" message="Der if-else-Block hat eine Schachtelungstiefe von 2 (Obergrenze ist 1)." source="com.puppycrawl.tools.checkstyle.checks.coding.NestedIfDepthCheck"/>
<error line="65" column="25" severity="error" message="Nach &apos;if&apos; fehlt ein Leerzeichen." source="com.puppycrawl.tools.checkstyle.checks.whitespace.WhitespaceAfterCheck"/>
<error line="65" column="28" severity="error" message="Überflüssige Klammern um den Ausdruck." source="com.puppycrawl.tools.checkstyle.checks.coding.UnnecessaryParenthesesCheck"/>
<error line="65" column="71" severity="error" message="Überflüssige Klammern um den Ausdruck." source="com.puppycrawl.tools.checkstyle.checks.coding.UnnecessaryParenthesesCheck"/>
<error line="65" column="108" severity="error" message="Die magische Zahl &apos;9&apos; sollte als Konstante definiert werden." source="com.puppycrawl.tools.checkstyle.checks.coding.MagicNumberCheck"/>
<error line="71" severity="error" message="Line has trailing spaces." source="com.puppycrawl.tools.checkstyle.checks.regexp.RegexpSinglelineCheck"/>
<error line="73" column="24" severity="error" message="Nach &apos;if&apos; fehlt ein Leerzeichen." source="com.puppycrawl.tools.checkstyle.checks.whitespace.WhitespaceAfterCheck"/>
<error line="73" column="39" severity="error" message="Nach &apos;-&apos; fehlt ein Leerzeichen." source="com.puppycrawl.tools.checkstyle.checks.whitespace.WhitespaceAroundCheck"/>
<error line="73" column="39" severity="error" message="Vor &apos;-&apos; fehlt ein Leerzeichen." source="com.puppycrawl.tools.checkstyle.checks.whitespace.WhitespaceAroundCheck"/>
<error line="75" severity="error" message="Line has trailing spaces." source="com.puppycrawl.tools.checkstyle.checks.regexp.RegexpSinglelineCheck"/>
<error line="79" column="21" severity="error" message="Der if-else-Block hat eine Schachtelungstiefe von 2 (Obergrenze ist 1)." source="com.puppycrawl.tools.checkstyle.checks.coding.NestedIfDepthCheck"/>
<error line="79" column="21" severity="error" message="Nach &apos;if&apos; fehlt ein Leerzeichen." source="com.puppycrawl.tools.checkstyle.checks.whitespace.WhitespaceAfterCheck"/>
<error line="93" column="21" severity="error" message="Nach &apos;for&apos; fehlt ein Leerzeichen." source="com.puppycrawl.tools.checkstyle.checks.whitespace.WhitespaceAfterCheck"/>
<error line="93" column="40" severity="error" message="Nach &apos;+&apos; fehlt ein Leerzeichen." source="com.puppycrawl.tools.checkstyle.checks.whitespace.WhitespaceAroundCheck"/>
<error line="93" column="40" severity="error" message="Vor &apos;+&apos; fehlt ein Leerzeichen." source="com.puppycrawl.tools.checkstyle.checks.whitespace.WhitespaceAroundCheck"/>
<error line="98" column="21" severity="error" message="Nach &apos;for&apos; fehlt ein Leerzeichen." source="com.puppycrawl.tools.checkstyle.checks.whitespace.WhitespaceAfterCheck"/>
<error line="100" column="25" severity="error" message="Der if-else-Block hat eine Schachtelungstiefe von 2 (Obergrenze ist 1)." source="com.puppycrawl.tools.checkstyle.checks.coding.NestedIfDepthCheck"/>
<error line="100" column="25" severity="error" message="Nach &apos;if&apos; fehlt ein Leerzeichen." source="com.puppycrawl.tools.checkstyle.checks.whitespace.WhitespaceAfterCheck"/>
<error line="100" column="28" severity="error" message="Überflüssige Klammern um den Ausdruck." source="com.puppycrawl.tools.checkstyle.checks.coding.UnnecessaryParenthesesCheck"/>
<error line="100" column="71" severity="error" message="Überflüssige Klammern um den Ausdruck." source="com.puppycrawl.tools.checkstyle.checks.coding.UnnecessaryParenthesesCheck"/>
<error line="100" column="108" severity="error" message="Die magische Zahl &apos;9&apos; sollte als Konstante definiert werden." source="com.puppycrawl.tools.checkstyle.checks.coding.MagicNumberCheck"/>
<error line="106" severity="error" message="Line has trailing spaces." source="com.puppycrawl.tools.checkstyle.checks.regexp.RegexpSinglelineCheck"/>
<error line="108" severity="error" message="Line has trailing spaces." source="com.puppycrawl.tools.checkstyle.checks.regexp.RegexpSinglelineCheck"/>
<error line="109" severity="error" message="Line has trailing spaces." source="com.puppycrawl.tools.checkstyle.checks.regexp.RegexpSinglelineCheck"/>
</file>
<file name="C:\Users\maxwe\OneDrive\Desktop\Projects\git\book_converter\converter\src\main\java\com\converter\modules\functions\WriteBook.java">
<error line="6" severity="error" message="Line has trailing spaces." source="com.puppycrawl.tools.checkstyle.checks.regexp.RegexpSinglelineCheck"/>
<error line="8" severity="error" message="Line has trailing spaces." source="com.puppycrawl.tools.checkstyle.checks.regexp.RegexpSinglelineCheck"/>
<error line="12" severity="error" message="Line has trailing spaces." source="com.puppycrawl.tools.checkstyle.checks.regexp.RegexpSinglelineCheck"/>
<error line="17" column="5" severity="error" message="Es fehlt ein Javadoc-Kommentar." source="com.puppycrawl.tools.checkstyle.checks.javadoc.MissingJavadocMethodCheck"/>
</file>
<file name="C:\Users\maxwe\OneDrive\Desktop\Projects\git\book_converter\converter\src\main\java\com\converter\modules\Panel.java">
<error line="5" column="8" severity="error" message="Nicht verwendeter Import - javax.swing.GroupLayout.ParallelGroup." source="com.puppycrawl.tools.checkstyle.checks.imports.UnusedImportsCheck"/>
<error line="6" column="8" severity="error" message="Nicht verwendeter Import - javax.swing.GroupLayout.SequentialGroup." source="com.puppycrawl.tools.checkstyle.checks.imports.UnusedImportsCheck"/>
<error line="9" column="1" severity="error" message="Zusätzliche Trennung in der Importgruppe vor &apos;org.json.simple.parser.ParseException&apos;" source="com.puppycrawl.tools.checkstyle.checks.imports.ImportOrderCheck"/>
<error line="11" column="1" severity="error" message="Falsche Reihenfolge des Imports von &apos;java.awt.*&apos;." source="com.puppycrawl.tools.checkstyle.checks.imports.ImportOrderCheck"/>
<error line="11" column="1" severity="error" message="Zusätzliche Trennung in der Importgruppe vor &apos;java.awt.*&apos;" source="com.puppycrawl.tools.checkstyle.checks.imports.ImportOrderCheck"/>
<error line="14" column="8" severity="error" message="Nicht verwendeter Import - java.io.FileNotFoundException." source="com.puppycrawl.tools.checkstyle.checks.imports.UnusedImportsCheck"/>
<error line="17" column="1" severity="error" message="Falsche Reihenfolge des Imports von &apos;com.converter.modules.ConvertBtn&apos;." source="com.puppycrawl.tools.checkstyle.checks.imports.ImportOrderCheck"/>
<error line="17" column="1" severity="error" message="Zusätzliche Trennung in der Importgruppe vor &apos;com.converter.modules.ConvertBtn&apos;" source="com.puppycrawl.tools.checkstyle.checks.imports.ImportOrderCheck"/>
<error line="17" column="1" severity="error" message="Überflüssiger Import aus dem gleichen Paket - com.converter.modules.ConvertBtn." source="com.puppycrawl.tools.checkstyle.checks.imports.RedundantImportCheck"/>
<error line="18" column="1" severity="error" message="Überflüssiger Import aus dem gleichen Paket - com.converter.modules.TargetFldrSlctr." source="com.puppycrawl.tools.checkstyle.checks.imports.RedundantImportCheck"/>
<error line="19" column="1" severity="error" message="Überflüssiger Import aus dem gleichen Paket - com.converter.modules.Title." source="com.puppycrawl.tools.checkstyle.checks.imports.RedundantImportCheck"/>
<error line="19" column="8" severity="error" message="Nicht verwendeter Import - com.converter.modules.Title." source="com.puppycrawl.tools.checkstyle.checks.imports.UnusedImportsCheck"/>
<error line="20" column="1" severity="error" message="Falsche Reihenfolge des Imports von &apos;com.converter.modules.Footer&apos;." source="com.puppycrawl.tools.checkstyle.checks.imports.ImportOrderCheck"/>
<error line="20" column="1" severity="error" message="Überflüssiger Import aus dem gleichen Paket - com.converter.modules.Footer." source="com.puppycrawl.tools.checkstyle.checks.imports.RedundantImportCheck"/>
<error line="22" column="1" severity="error" message="Zusätzliche Trennung in der Importgruppe vor &apos;com.converter.modules.functions.Tokenizer&apos;" source="com.puppycrawl.tools.checkstyle.checks.imports.ImportOrderCheck"/>
<error line="23" column="1" severity="error" message="Falsche Reihenfolge des Imports von &apos;com.converter.modules.functions.Config&apos;." source="com.puppycrawl.tools.checkstyle.checks.imports.ImportOrderCheck"/>
<error line="27" severity="error" message="Line has trailing spaces." source="com.puppycrawl.tools.checkstyle.checks.regexp.RegexpSinglelineCheck"/>
<error line="30" severity="error" message="Line has trailing spaces." source="com.puppycrawl.tools.checkstyle.checks.regexp.RegexpSinglelineCheck"/>
<error line="32" severity="error" message="Line has trailing spaces." source="com.puppycrawl.tools.checkstyle.checks.regexp.RegexpSinglelineCheck"/>
<error line="37" column="1" severity="error" message="Die Datei enthält Tabulatorzeichen (dies ist das erste Vorkommen)." source="com.puppycrawl.tools.checkstyle.checks.whitespace.FileTabCharacterCheck"/>
<error line="38" column="9" severity="error" message="&apos;member def modifier&apos; hat eine unerwartete Einrückungstiefe von 8 (erwartet: 4)." source="com.puppycrawl.tools.checkstyle.checks.indentation.IndentationCheck"/>
<error line="39" column="9" severity="error" message="&apos;member def modifier&apos; hat eine unerwartete Einrückungstiefe von 8 (erwartet: 4)." source="com.puppycrawl.tools.checkstyle.checks.indentation.IndentationCheck"/>
<error line="40" column="9" severity="error" message="&apos;member def modifier&apos; hat eine unerwartete Einrückungstiefe von 8 (erwartet: 4)." source="com.puppycrawl.tools.checkstyle.checks.indentation.IndentationCheck"/>
<error line="41" column="9" severity="error" message="&apos;member def modifier&apos; hat eine unerwartete Einrückungstiefe von 8 (erwartet: 4)." source="com.puppycrawl.tools.checkstyle.checks.indentation.IndentationCheck"/>
<error line="41" column="25" severity="error" message="Der Bezeichner &apos;open_og&apos; entspricht nicht dem Muster &apos;^[a-z][a-zA-Z0-9]*$&apos;." source="com.puppycrawl.tools.checkstyle.checks.naming.MemberNameCheck"/>
<error line="42" column="9" severity="error" message="&apos;member def modifier&apos; hat eine unerwartete Einrückungstiefe von 8 (erwartet: 4)." source="com.puppycrawl.tools.checkstyle.checks.indentation.IndentationCheck"/>
<error line="42" column="25" severity="error" message="Der Bezeichner &apos;open_tg&apos; entspricht nicht dem Muster &apos;^[a-z][a-zA-Z0-9]*$&apos;." source="com.puppycrawl.tools.checkstyle.checks.naming.MemberNameCheck"/>
<error line="43" column="9" severity="error" message="&apos;member def modifier&apos; hat eine unerwartete Einrückungstiefe von 8 (erwartet: 4)." source="com.puppycrawl.tools.checkstyle.checks.indentation.IndentationCheck"/>
<error line="44" column="9" severity="error" message="&apos;member def modifier&apos; hat eine unerwartete Einrückungstiefe von 8 (erwartet: 4)." source="com.puppycrawl.tools.checkstyle.checks.indentation.IndentationCheck"/>
<error line="45" column="9" severity="error" message="&apos;member def modifier&apos; hat eine unerwartete Einrückungstiefe von 8 (erwartet: 4)." source="com.puppycrawl.tools.checkstyle.checks.indentation.IndentationCheck"/>
<error line="47" column="9" severity="error" message="&apos;member def modifier&apos; hat eine unerwartete Einrückungstiefe von 8 (erwartet: 4)." source="com.puppycrawl.tools.checkstyle.checks.indentation.IndentationCheck"/>
<error line="49" column="9" severity="error" message="&apos;member def modifier&apos; hat eine unerwartete Einrückungstiefe von 8 (erwartet: 4)." source="com.puppycrawl.tools.checkstyle.checks.indentation.IndentationCheck"/>
<error line="52" column="9" severity="error" message="&apos;member def modifier&apos; hat eine unerwartete Einrückungstiefe von 8 (erwartet: 4)." source="com.puppycrawl.tools.checkstyle.checks.indentation.IndentationCheck"/>
<error line="53" column="9" severity="error" message="&apos;member def modifier&apos; hat eine unerwartete Einrückungstiefe von 8 (erwartet: 4)." source="com.puppycrawl.tools.checkstyle.checks.indentation.IndentationCheck"/>
<error line="53" column="43" severity="error" message="Der Bezeichner &apos;h_group&apos; entspricht nicht dem Muster &apos;^[a-z][a-zA-Z0-9]*$&apos;." source="com.puppycrawl.tools.checkstyle.checks.naming.MemberNameCheck"/>
<error line="54" column="9" severity="error" message="&apos;member def modifier&apos; hat eine unerwartete Einrückungstiefe von 8 (erwartet: 4)." source="com.puppycrawl.tools.checkstyle.checks.indentation.IndentationCheck"/>
<error line="54" column="45" severity="error" message="Der Bezeichner &apos;v_group&apos; entspricht nicht dem Muster &apos;^[a-z][a-zA-Z0-9]*$&apos;." source="com.puppycrawl.tools.checkstyle.checks.naming.MemberNameCheck"/>
<error line="55" severity="error" message="Line has trailing spaces." source="com.puppycrawl.tools.checkstyle.checks.regexp.RegexpSinglelineCheck"/>
<error line="57" column="9" severity="error" message="&apos;member def modifier&apos; hat eine unerwartete Einrückungstiefe von 8 (erwartet: 4)." source="com.puppycrawl.tools.checkstyle.checks.indentation.IndentationCheck"/>
<error line="59" column="9" severity="error" message="&apos;member def modifier&apos; hat eine unerwartete Einrückungstiefe von 8 (erwartet: 4)." source="com.puppycrawl.tools.checkstyle.checks.indentation.IndentationCheck"/>
<error line="61" column="9" severity="error" message="&apos;member def modifier&apos; hat eine unerwartete Einrückungstiefe von 8 (erwartet: 4)." source="com.puppycrawl.tools.checkstyle.checks.indentation.IndentationCheck"/>
<error line="61" column="24" severity="error" message="Der Bezeichner &apos;target_path&apos; entspricht nicht dem Muster &apos;^[a-z][a-zA-Z0-9]*$&apos;." source="com.puppycrawl.tools.checkstyle.checks.naming.MemberNameCheck"/>
<error line="63" column="9" severity="error" message="&apos;member def modifier&apos; hat eine unerwartete Einrückungstiefe von 8 (erwartet: 4)." source="com.puppycrawl.tools.checkstyle.checks.indentation.IndentationCheck"/>
<error line="63" column="9" severity="error" message="Es fehlt ein Javadoc-Kommentar." source="com.puppycrawl.tools.checkstyle.checks.javadoc.JavadocVariableCheck"/>
<error line="63" column="9" severity="error" message="Fehlerhafte Deklarationsreihenfolge für diesen Scope." source="com.puppycrawl.tools.checkstyle.checks.coding.DeclarationOrderCheck"/>
<error line="63" column="23" severity="error" message="Das Feld &apos;mdb_path&apos; muss als private deklariert werden und Zugriffsmethoden haben." source="com.puppycrawl.tools.checkstyle.checks.design.VisibilityModifierCheck"/>
<error line="63" column="23" severity="error" message="Der Bezeichner &apos;mdb_path&apos; entspricht nicht dem Muster &apos;^[a-z][a-zA-Z0-9]*$&apos;." source="com.puppycrawl.tools.checkstyle.checks.naming.MemberNameCheck"/>
<error line="65" column="9" severity="error" message="&apos;member def modifier&apos; hat eine unerwartete Einrückungstiefe von 8 (erwartet: 4)." source="com.puppycrawl.tools.checkstyle.checks.indentation.IndentationCheck"/>
<error line="65" column="9" severity="error" message="Es fehlt ein Javadoc-Kommentar." source="com.puppycrawl.tools.checkstyle.checks.javadoc.JavadocVariableCheck"/>
<error line="65" column="9" severity="error" message="Fehlerhafte Deklarationsreihenfolge für diesen Scope." source="com.puppycrawl.tools.checkstyle.checks.coding.DeclarationOrderCheck"/>
<error line="65" column="23" severity="error" message="Das Feld &apos;accdb_path&apos; muss als private deklariert werden und Zugriffsmethoden haben." source="com.puppycrawl.tools.checkstyle.checks.design.VisibilityModifierCheck"/>
<error line="65" column="23" severity="error" message="Der Bezeichner &apos;accdb_path&apos; entspricht nicht dem Muster &apos;^[a-z][a-zA-Z0-9]*$&apos;." source="com.puppycrawl.tools.checkstyle.checks.naming.MemberNameCheck"/>
<error line="66" severity="error" message="Line has trailing spaces." source="com.puppycrawl.tools.checkstyle.checks.regexp.RegexpSinglelineCheck"/>
<error line="68" column="9" severity="error" message="&apos;ctor def modifier&apos; hat eine unerwartete Einrückungstiefe von 8 (erwartet: 4)." source="com.puppycrawl.tools.checkstyle.checks.indentation.IndentationCheck"/>
<error line="68" column="9" severity="error" message="Es fehlt ein Javadoc-Kommentar." source="com.puppycrawl.tools.checkstyle.checks.javadoc.MissingJavadocMethodCheck"/>
<error line="69" severity="error" message="Line has trailing spaces." source="com.puppycrawl.tools.checkstyle.checks.regexp.RegexpSinglelineCheck"/>
<error line="71" column="17" severity="error" message="Das Unterelement von &apos;ctor def&apos; hat eine unerwartete Einrückungstiefe von 16 (erwartet: 8)." source="com.puppycrawl.tools.checkstyle.checks.indentation.IndentationCheck"/>
<error line="72" column="17" severity="error" message="Das Unterelement von &apos;ctor def&apos; hat eine unerwartete Einrückungstiefe von 16 (erwartet: 8)." source="com.puppycrawl.tools.checkstyle.checks.indentation.IndentationCheck"/>
<error line="75" column="17" severity="error" message="Das Unterelement von &apos;ctor def&apos; hat eine unerwartete Einrückungstiefe von 16 (erwartet: 8)." source="com.puppycrawl.tools.checkstyle.checks.indentation.IndentationCheck"/>
<error line="76" severity="error" message="Line has trailing spaces." source="com.puppycrawl.tools.checkstyle.checks.regexp.RegexpSinglelineCheck"/>
<error line="77" column="17" severity="error" message="Das Unterelement von &apos;ctor def&apos; hat eine unerwartete Einrückungstiefe von 16 (erwartet: 8)." source="com.puppycrawl.tools.checkstyle.checks.indentation.IndentationCheck"/>
<error line="78" column="17" severity="error" message="Das Unterelement von &apos;ctor def&apos; hat eine unerwartete Einrückungstiefe von 16 (erwartet: 8)." source="com.puppycrawl.tools.checkstyle.checks.indentation.IndentationCheck"/>
<error line="79" severity="error" message="Line has trailing spaces." source="com.puppycrawl.tools.checkstyle.checks.regexp.RegexpSinglelineCheck"/>
<error line="81" column="17" severity="error" message="Das Unterelement von &apos;ctor def&apos; hat eine unerwartete Einrückungstiefe von 16 (erwartet: 8)." source="com.puppycrawl.tools.checkstyle.checks.indentation.IndentationCheck"/>
<error line="82" column="17" severity="error" message="Das Unterelement von &apos;ctor def&apos; hat eine unerwartete Einrückungstiefe von 16 (erwartet: 8)." source="com.puppycrawl.tools.checkstyle.checks.indentation.IndentationCheck"/>
<error line="83" column="17" severity="error" message="Das Unterelement von &apos;ctor def&apos; hat eine unerwartete Einrückungstiefe von 16 (erwartet: 8)." source="com.puppycrawl.tools.checkstyle.checks.indentation.IndentationCheck"/>
<error line="85" column="17" severity="error" message="Das Unterelement von &apos;ctor def&apos; hat eine unerwartete Einrückungstiefe von 16 (erwartet: 8)." source="com.puppycrawl.tools.checkstyle.checks.indentation.IndentationCheck"/>
<error line="87" column="33" severity="error" message="Das Unterelement von &apos;method def&apos; hat eine unerwartete Einrückungstiefe von 32. Erwartet wird eine der folgenden Einrückungstiefen: 24, 28." source="com.puppycrawl.tools.checkstyle.checks.indentation.IndentationCheck"/>
<error line="92" column="17" severity="error" message="Das Unterelement von &apos;ctor def&apos; hat eine unerwartete Einrückungstiefe von 16 (erwartet: 8)." source="com.puppycrawl.tools.checkstyle.checks.indentation.IndentationCheck"/>
<error line="93" column="17" severity="error" message="Das Unterelement von &apos;ctor def&apos; hat eine unerwartete Einrückungstiefe von 16 (erwartet: 8)." source="com.puppycrawl.tools.checkstyle.checks.indentation.IndentationCheck"/>
<error line="94" column="17" severity="error" message="Das Unterelement von &apos;ctor def&apos; hat eine unerwartete Einrückungstiefe von 16 (erwartet: 8)." source="com.puppycrawl.tools.checkstyle.checks.indentation.IndentationCheck"/>
<error line="95" column="17" severity="error" message="Das Unterelement von &apos;ctor def&apos; hat eine unerwartete Einrückungstiefe von 16 (erwartet: 8)." source="com.puppycrawl.tools.checkstyle.checks.indentation.IndentationCheck"/>
<error line="97" column="33" severity="error" message="Das Unterelement von &apos;method def&apos; hat eine unerwartete Einrückungstiefe von 32. Erwartet wird eine der folgenden Einrückungstiefen: 24, 28." source="com.puppycrawl.tools.checkstyle.checks.indentation.IndentationCheck"/>
<error line="100" severity="error" message="Line has trailing spaces." source="com.puppycrawl.tools.checkstyle.checks.regexp.RegexpSinglelineCheck"/>
<error line="101" column="17" severity="error" message="Das Unterelement von &apos;ctor def&apos; hat eine unerwartete Einrückungstiefe von 16 (erwartet: 8)." source="com.puppycrawl.tools.checkstyle.checks.indentation.IndentationCheck"/>
<error line="102" severity="error" message="Line has trailing spaces." source="com.puppycrawl.tools.checkstyle.checks.regexp.RegexpSinglelineCheck"/>
<error line="104" column="17" severity="error" message="Das Unterelement von &apos;ctor def&apos; hat eine unerwartete Einrückungstiefe von 16 (erwartet: 8)." source="com.puppycrawl.tools.checkstyle.checks.indentation.IndentationCheck"/>
<error line="106" column="17" severity="error" message="Das Unterelement von &apos;ctor def&apos; hat eine unerwartete Einrückungstiefe von 16 (erwartet: 8)." source="com.puppycrawl.tools.checkstyle.checks.indentation.IndentationCheck"/>
<error line="108" column="17" severity="error" message="Das Unterelement von &apos;ctor def&apos; hat eine unerwartete Einrückungstiefe von 16 (erwartet: 8)." source="com.puppycrawl.tools.checkstyle.checks.indentation.IndentationCheck"/>
<error line="109" column="17" severity="error" message="Das Unterelement von &apos;ctor def&apos; hat eine unerwartete Einrückungstiefe von 16 (erwartet: 8)." source="com.puppycrawl.tools.checkstyle.checks.indentation.IndentationCheck"/>
<error line="110" severity="error" message="Line has trailing spaces." source="com.puppycrawl.tools.checkstyle.checks.regexp.RegexpSinglelineCheck"/>
<error line="112" column="33" severity="error" message="&apos;try&apos; hat eine unerwartete Einrückungstiefe von 32. Erwartet wird eine der folgenden Einrückungstiefen: 24, 28." source="com.puppycrawl.tools.checkstyle.checks.indentation.IndentationCheck"/>
<error line="113" severity="error" message="Line has trailing spaces." source="com.puppycrawl.tools.checkstyle.checks.regexp.RegexpSinglelineCheck"/>
<error line="115" column="41" severity="error" message="Das Unterelement von &apos;try&apos; hat eine unerwartete Einrückungstiefe von 40. Erwartet wird eine der folgenden Einrückungstiefen: 28, 32." source="com.puppycrawl.tools.checkstyle.checks.indentation.IndentationCheck"/>
<error line="117" column="41" severity="error" message="Das Unterelement von &apos;try&apos; hat eine unerwartete Einrückungstiefe von 40. Erwartet wird eine der folgenden Einrückungstiefen: 28, 32." source="com.puppycrawl.tools.checkstyle.checks.indentation.IndentationCheck"/>
<error line="123" column="41" severity="error" message="Das Unterelement von &apos;try&apos; hat eine unerwartete Einrückungstiefe von 40. Erwartet wird eine der folgenden Einrückungstiefen: 28, 32." source="com.puppycrawl.tools.checkstyle.checks.indentation.IndentationCheck"/>
<error line="124" column="41" severity="error" message="Das Unterelement von &apos;try&apos; hat eine unerwartete Einrückungstiefe von 40. Erwartet wird eine der folgenden Einrückungstiefen: 28, 32." source="com.puppycrawl.tools.checkstyle.checks.indentation.IndentationCheck"/>
<error line="126" column="33" severity="error" message="&apos;try rcurly&apos; hat eine unerwartete Einrückungstiefe von 32. Erwartet wird eine der folgenden Einrückungstiefen: 24, 28." source="com.puppycrawl.tools.checkstyle.checks.indentation.IndentationCheck"/>
<error line="126" column="35" severity="error" message="Nach &apos;catch&apos; fehlt ein Leerzeichen." source="com.puppycrawl.tools.checkstyle.checks.whitespace.WhitespaceAroundCheck"/>
<error line="127" severity="error" message="Line has trailing spaces." source="com.puppycrawl.tools.checkstyle.checks.regexp.RegexpSinglelineCheck"/>
<error line="128" column="41" severity="error" message="Das Unterelement von &apos;catch&apos; hat eine unerwartete Einrückungstiefe von 40. Erwartet wird eine der folgenden Einrückungstiefen: 28, 32." source="com.puppycrawl.tools.checkstyle.checks.indentation.IndentationCheck"/>
<error line="129" severity="error" message="Line has trailing spaces." source="com.puppycrawl.tools.checkstyle.checks.regexp.RegexpSinglelineCheck"/>
<error line="130" column="33" severity="error" message="&apos;catch rcurly&apos; hat eine unerwartete Einrückungstiefe von 32. Erwartet wird eine der folgenden Einrückungstiefen: 24, 28." source="com.puppycrawl.tools.checkstyle.checks.indentation.IndentationCheck"/>
<error line="134" severity="error" message="Line has trailing spaces." source="com.puppycrawl.tools.checkstyle.checks.regexp.RegexpSinglelineCheck"/>
<error line="137" column="17" severity="error" message="Das Unterelement von &apos;ctor def&apos; hat eine unerwartete Einrückungstiefe von 16 (erwartet: 8)." source="com.puppycrawl.tools.checkstyle.checks.indentation.IndentationCheck"/>
<error line="138" column="17" severity="error" message="Das Unterelement von &apos;ctor def&apos; hat eine unerwartete Einrückungstiefe von 16 (erwartet: 8)." source="com.puppycrawl.tools.checkstyle.checks.indentation.IndentationCheck"/>
<error line="139" column="17" severity="error" message="Das Unterelement von &apos;ctor def&apos; hat eine unerwartete Einrückungstiefe von 16 (erwartet: 8)." source="com.puppycrawl.tools.checkstyle.checks.indentation.IndentationCheck"/>
<error line="139" column="49" severity="error" message="Die magische Zahl &apos;10&apos; sollte als Konstante definiert werden." source="com.puppycrawl.tools.checkstyle.checks.coding.MagicNumberCheck"/>
<error line="139" column="53" severity="error" message="Die magische Zahl &apos;10&apos; sollte als Konstante definiert werden." source="com.puppycrawl.tools.checkstyle.checks.coding.MagicNumberCheck"/>
<error line="139" column="57" severity="error" message="Die magische Zahl &apos;10&apos; sollte als Konstante definiert werden." source="com.puppycrawl.tools.checkstyle.checks.coding.MagicNumberCheck"/>
<error line="139" column="61" severity="error" message="Die magische Zahl &apos;10&apos; sollte als Konstante definiert werden." source="com.puppycrawl.tools.checkstyle.checks.coding.MagicNumberCheck"/>
<error line="140" column="17" severity="error" message="Das Unterelement von &apos;ctor def&apos; hat eine unerwartete Einrückungstiefe von 16 (erwartet: 8)." source="com.puppycrawl.tools.checkstyle.checks.indentation.IndentationCheck"/>
<error line="141" column="17" severity="error" message="Das Unterelement von &apos;ctor def&apos; hat eine unerwartete Einrückungstiefe von 16 (erwartet: 8)." source="com.puppycrawl.tools.checkstyle.checks.indentation.IndentationCheck"/>
<error line="142" column="17" severity="error" message="Das Unterelement von &apos;ctor def&apos; hat eine unerwartete Einrückungstiefe von 16 (erwartet: 8)." source="com.puppycrawl.tools.checkstyle.checks.indentation.IndentationCheck"/>
<error line="143" column="17" severity="error" message="Das Unterelement von &apos;ctor def&apos; hat eine unerwartete Einrückungstiefe von 16 (erwartet: 8)." source="com.puppycrawl.tools.checkstyle.checks.indentation.IndentationCheck"/>
<error line="143" column="37" severity="error" message="Die magische Zahl &apos;40&apos; sollte als Konstante definiert werden." source="com.puppycrawl.tools.checkstyle.checks.coding.MagicNumberCheck"/>
<error line="144" column="17" severity="error" message="Das Unterelement von &apos;ctor def&apos; hat eine unerwartete Einrückungstiefe von 16 (erwartet: 8)." source="com.puppycrawl.tools.checkstyle.checks.indentation.IndentationCheck"/>
<error line="144" column="37" severity="error" message="Die magische Zahl &apos;60&apos; sollte als Konstante definiert werden." source="com.puppycrawl.tools.checkstyle.checks.coding.MagicNumberCheck"/>
<error line="145" severity="error" message="Line has trailing spaces." source="com.puppycrawl.tools.checkstyle.checks.regexp.RegexpSinglelineCheck"/>
<error line="147" column="17" severity="error" message="Das Unterelement von &apos;ctor def&apos; hat eine unerwartete Einrückungstiefe von 16 (erwartet: 8)." source="com.puppycrawl.tools.checkstyle.checks.indentation.IndentationCheck"/>
<error line="148" severity="error" message="Line has trailing spaces." source="com.puppycrawl.tools.checkstyle.checks.regexp.RegexpSinglelineCheck"/>
<error line="149" column="17" severity="error" message="Das Unterelement von &apos;ctor def&apos; hat eine unerwartete Einrückungstiefe von 16 (erwartet: 8)." source="com.puppycrawl.tools.checkstyle.checks.indentation.IndentationCheck"/>
<error line="150" severity="error" message="Line has trailing spaces." source="com.puppycrawl.tools.checkstyle.checks.regexp.RegexpSinglelineCheck"/>
<error line="152" column="17" severity="error" message="Das Unterelement von &apos;ctor def&apos; hat eine unerwartete Einrückungstiefe von 16 (erwartet: 8)." source="com.puppycrawl.tools.checkstyle.checks.indentation.IndentationCheck"/>
<error line="153" severity="error" message="Line has trailing spaces." source="com.puppycrawl.tools.checkstyle.checks.regexp.RegexpSinglelineCheck"/>
<error line="154" column="17" severity="error" message="Das Unterelement von &apos;ctor def&apos; hat eine unerwartete Einrückungstiefe von 16 (erwartet: 8)." source="com.puppycrawl.tools.checkstyle.checks.indentation.IndentationCheck"/>
<error line="155" column="17" severity="error" message="Das Unterelement von &apos;ctor def&apos; hat eine unerwartete Einrückungstiefe von 16 (erwartet: 8)." source="com.puppycrawl.tools.checkstyle.checks.indentation.IndentationCheck"/>
<error line="156" column="17" severity="error" message="Das Unterelement von &apos;ctor def&apos; hat eine unerwartete Einrückungstiefe von 16 (erwartet: 8)." source="com.puppycrawl.tools.checkstyle.checks.indentation.IndentationCheck"/>
<error line="156" column="41" severity="error" message="Die magische Zahl &apos;4&apos; sollte als Konstante definiert werden." source="com.puppycrawl.tools.checkstyle.checks.coding.MagicNumberCheck"/>
<error line="158" column="17" severity="error" message="Das Unterelement von &apos;ctor def&apos; hat eine unerwartete Einrückungstiefe von 16 (erwartet: 8)." source="com.puppycrawl.tools.checkstyle.checks.indentation.IndentationCheck"/>
<error line="158" column="37" severity="error" message="Die magische Zahl &apos;40&apos; sollte als Konstante definiert werden." source="com.puppycrawl.tools.checkstyle.checks.coding.MagicNumberCheck"/>
<error line="159" column="17" severity="error" message="Das Unterelement von &apos;ctor def&apos; hat eine unerwartete Einrückungstiefe von 16 (erwartet: 8)." source="com.puppycrawl.tools.checkstyle.checks.indentation.IndentationCheck"/>
<error line="159" column="37" severity="error" message="Die magische Zahl &apos;60&apos; sollte als Konstante definiert werden." source="com.puppycrawl.tools.checkstyle.checks.coding.MagicNumberCheck"/>
<error line="160" severity="error" message="Line has trailing spaces." source="com.puppycrawl.tools.checkstyle.checks.regexp.RegexpSinglelineCheck"/>
<error line="162" column="17" severity="error" message="Das Unterelement von &apos;ctor def&apos; hat eine unerwartete Einrückungstiefe von 16 (erwartet: 8)." source="com.puppycrawl.tools.checkstyle.checks.indentation.IndentationCheck"/>
<error line="163" severity="error" message="Line has trailing spaces." source="com.puppycrawl.tools.checkstyle.checks.regexp.RegexpSinglelineCheck"/>
<error line="164" column="17" severity="error" message="Das Unterelement von &apos;ctor def&apos; hat eine unerwartete Einrückungstiefe von 16 (erwartet: 8)." source="com.puppycrawl.tools.checkstyle.checks.indentation.IndentationCheck"/>
<error line="165" column="17" severity="error" message="Das Unterelement von &apos;ctor def&apos; hat eine unerwartete Einrückungstiefe von 16 (erwartet: 8)." source="com.puppycrawl.tools.checkstyle.checks.indentation.IndentationCheck"/>
<error line="166" column="17" severity="error" message="Das Unterelement von &apos;ctor def&apos; hat eine unerwartete Einrückungstiefe von 16 (erwartet: 8)." source="com.puppycrawl.tools.checkstyle.checks.indentation.IndentationCheck"/>
<error line="166" column="41" severity="error" message="Die magische Zahl &apos;4&apos; sollte als Konstante definiert werden." source="com.puppycrawl.tools.checkstyle.checks.coding.MagicNumberCheck"/>
<error line="167" column="17" severity="error" message="Das Unterelement von &apos;ctor def&apos; hat eine unerwartete Einrückungstiefe von 16 (erwartet: 8)." source="com.puppycrawl.tools.checkstyle.checks.indentation.IndentationCheck"/>
<error line="167" column="37" severity="error" message="Die magische Zahl &apos;50&apos; sollte als Konstante definiert werden." source="com.puppycrawl.tools.checkstyle.checks.coding.MagicNumberCheck"/>
<error line="168" severity="error" message="Line has trailing spaces." source="com.puppycrawl.tools.checkstyle.checks.regexp.RegexpSinglelineCheck"/>
<error line="170" column="17" severity="error" message="Das Unterelement von &apos;ctor def&apos; hat eine unerwartete Einrückungstiefe von 16 (erwartet: 8)." source="com.puppycrawl.tools.checkstyle.checks.indentation.IndentationCheck"/>
<error line="171" severity="error" message="Line has trailing spaces." source="com.puppycrawl.tools.checkstyle.checks.regexp.RegexpSinglelineCheck"/>
<error line="172" severity="error" message="Line has trailing spaces." source="com.puppycrawl.tools.checkstyle.checks.regexp.RegexpSinglelineCheck"/>
<error line="173" column="9" severity="error" message="&apos;ctor def rcurly&apos; hat eine unerwartete Einrückungstiefe von 8 (erwartet: 4)." source="com.puppycrawl.tools.checkstyle.checks.indentation.IndentationCheck"/>
<error line="174" severity="error" message="Line has trailing spaces." source="com.puppycrawl.tools.checkstyle.checks.regexp.RegexpSinglelineCheck"/>
<error line="176" column="9" severity="error" message="&apos;method def modifier&apos; hat eine unerwartete Einrückungstiefe von 8 (erwartet: 4)." source="com.puppycrawl.tools.checkstyle.checks.indentation.IndentationCheck"/>
<error line="176" column="9" severity="error" message="Es fehlt ein Javadoc-Kommentar." source="com.puppycrawl.tools.checkstyle.checks.javadoc.MissingJavadocMethodCheck"/>
<error line="177" severity="error" message="Line has trailing spaces." source="com.puppycrawl.tools.checkstyle.checks.regexp.RegexpSinglelineCheck"/>
<error line="178" severity="error" message="Line has trailing spaces." source="com.puppycrawl.tools.checkstyle.checks.regexp.RegexpSinglelineCheck"/>
<error line="179" column="17" severity="error" message="Das Unterelement von &apos;method def&apos; hat eine unerwartete Einrückungstiefe von 16 (erwartet: 8)." source="com.puppycrawl.tools.checkstyle.checks.indentation.IndentationCheck"/>
<error line="180" severity="error" message="Line has trailing spaces." source="com.puppycrawl.tools.checkstyle.checks.regexp.RegexpSinglelineCheck"/>
<error line="181" column="17" severity="error" message="&apos;if&apos; hat eine unerwartete Einrückungstiefe von 16 (erwartet: 8)." source="com.puppycrawl.tools.checkstyle.checks.indentation.IndentationCheck"/>
<error line="181" column="17" severity="error" message="Nach &apos;if&apos; fehlt ein Leerzeichen." source="com.puppycrawl.tools.checkstyle.checks.whitespace.WhitespaceAfterCheck"/>
<error line="182" severity="error" message="Line has trailing spaces." source="com.puppycrawl.tools.checkstyle.checks.regexp.RegexpSinglelineCheck"/>
<error line="183" severity="error" message="Line has trailing spaces." source="com.puppycrawl.tools.checkstyle.checks.regexp.RegexpSinglelineCheck"/>
<error line="184" column="25" severity="error" message="Das Unterelement von &apos;if&apos; hat eine unerwartete Einrückungstiefe von 24 (erwartet: 12)." source="com.puppycrawl.tools.checkstyle.checks.indentation.IndentationCheck"/>
<error line="185" column="25" severity="error" message="Das Unterelement von &apos;if&apos; hat eine unerwartete Einrückungstiefe von 24 (erwartet: 12)." source="com.puppycrawl.tools.checkstyle.checks.indentation.IndentationCheck"/>
<error line="186" column="25" severity="error" message="Das Unterelement von &apos;if&apos; hat eine unerwartete Einrückungstiefe von 24 (erwartet: 12)." source="com.puppycrawl.tools.checkstyle.checks.indentation.IndentationCheck"/>
<error line="187" column="25" severity="error" message="Das Unterelement von &apos;if&apos; hat eine unerwartete Einrückungstiefe von 24 (erwartet: 12)." source="com.puppycrawl.tools.checkstyle.checks.indentation.IndentationCheck"/>
<error line="188" severity="error" message="Line has trailing spaces." source="com.puppycrawl.tools.checkstyle.checks.regexp.RegexpSinglelineCheck"/>
<error line="189" column="17" severity="error" message="&apos;if rcurly&apos; hat eine unerwartete Einrückungstiefe von 16 (erwartet: 8)." source="com.puppycrawl.tools.checkstyle.checks.indentation.IndentationCheck"/>
<error line="190" severity="error" message="Line has trailing spaces." source="com.puppycrawl.tools.checkstyle.checks.regexp.RegexpSinglelineCheck"/>
<error line="192" column="25" severity="error" message="Das Unterelement von &apos;else&apos; hat eine unerwartete Einrückungstiefe von 24 (erwartet: 12)." source="com.puppycrawl.tools.checkstyle.checks.indentation.IndentationCheck"/>
<error line="193" column="25" severity="error" message="Das Unterelement von &apos;else&apos; hat eine unerwartete Einrückungstiefe von 24 (erwartet: 12)." source="com.puppycrawl.tools.checkstyle.checks.indentation.IndentationCheck"/>
<error line="194" column="25" severity="error" message="Das Unterelement von &apos;else&apos; hat eine unerwartete Einrückungstiefe von 24 (erwartet: 12)." source="com.puppycrawl.tools.checkstyle.checks.indentation.IndentationCheck"/>
<error line="195" column="25" severity="error" message="Das Unterelement von &apos;else&apos; hat eine unerwartete Einrückungstiefe von 24 (erwartet: 12)." source="com.puppycrawl.tools.checkstyle.checks.indentation.IndentationCheck"/>
<error line="196" severity="error" message="Line has trailing spaces." source="com.puppycrawl.tools.checkstyle.checks.regexp.RegexpSinglelineCheck"/>
<error line="197" column="17" severity="error" message="&apos;else rcurly&apos; hat eine unerwartete Einrückungstiefe von 16 (erwartet: 8)." source="com.puppycrawl.tools.checkstyle.checks.indentation.IndentationCheck"/>
<error line="198" severity="error" message="Line has trailing spaces." source="com.puppycrawl.tools.checkstyle.checks.regexp.RegexpSinglelineCheck"/>
<error line="199" column="9" severity="error" message="&apos;method def rcurly&apos; hat eine unerwartete Einrückungstiefe von 8 (erwartet: 4)." source="com.puppycrawl.tools.checkstyle.checks.indentation.IndentationCheck"/>
<error line="200" severity="error" message="Line has trailing spaces." source="com.puppycrawl.tools.checkstyle.checks.regexp.RegexpSinglelineCheck"/>
<error line="202" column="9" severity="error" message="&apos;method def modifier&apos; hat eine unerwartete Einrückungstiefe von 8 (erwartet: 4)." source="com.puppycrawl.tools.checkstyle.checks.indentation.IndentationCheck"/>
<error line="202" column="9" severity="error" message="Es fehlt ein Javadoc-Kommentar." source="com.puppycrawl.tools.checkstyle.checks.javadoc.MissingJavadocMethodCheck"/>
<error line="203" severity="error" message="Line has trailing spaces." source="com.puppycrawl.tools.checkstyle.checks.regexp.RegexpSinglelineCheck"/>
<error line="205" column="17" severity="error" message="Das Unterelement von &apos;method def&apos; hat eine unerwartete Einrückungstiefe von 16 (erwartet: 8)." source="com.puppycrawl.tools.checkstyle.checks.indentation.IndentationCheck"/>
<error line="206" severity="error" message="Line has trailing spaces." source="com.puppycrawl.tools.checkstyle.checks.regexp.RegexpSinglelineCheck"/>
<error line="208" column="17" severity="error" message="Das Unterelement von &apos;method def&apos; hat eine unerwartete Einrückungstiefe von 16 (erwartet: 8)." source="com.puppycrawl.tools.checkstyle.checks.indentation.IndentationCheck"/>
<error line="209" column="17" severity="error" message="Das Unterelement von &apos;method def&apos; hat eine unerwartete Einrückungstiefe von 16 (erwartet: 8)." source="com.puppycrawl.tools.checkstyle.checks.indentation.IndentationCheck"/>
<error line="210" column="17" severity="error" message="Das Unterelement von &apos;method def&apos; hat eine unerwartete Einrückungstiefe von 16 (erwartet: 8)." source="com.puppycrawl.tools.checkstyle.checks.indentation.IndentationCheck"/>
<error line="210" column="34" severity="error" message="Die magische Zahl &apos;500&apos; sollte als Konstante definiert werden." source="com.puppycrawl.tools.checkstyle.checks.coding.MagicNumberCheck"/>
<error line="210" column="39" severity="error" message="Die magische Zahl &apos;300&apos; sollte als Konstante definiert werden." source="com.puppycrawl.tools.checkstyle.checks.coding.MagicNumberCheck"/>
<error line="211" column="17" severity="error" message="Das Unterelement von &apos;method def&apos; hat eine unerwartete Einrückungstiefe von 16 (erwartet: 8)." source="com.puppycrawl.tools.checkstyle.checks.indentation.IndentationCheck"/>
<error line="212" severity="error" message="Line has trailing spaces." source="com.puppycrawl.tools.checkstyle.checks.regexp.RegexpSinglelineCheck"/>
<error line="214" column="17" severity="error" message="Das Unterelement von &apos;method def&apos; hat eine unerwartete Einrückungstiefe von 16 (erwartet: 8)." source="com.puppycrawl.tools.checkstyle.checks.indentation.IndentationCheck"/>
<error line="216" column="17" severity="error" message="Das Unterelement von &apos;method def&apos; hat eine unerwartete Einrückungstiefe von 16 (erwartet: 8)." source="com.puppycrawl.tools.checkstyle.checks.indentation.IndentationCheck"/>
<error line="217" column="17" severity="error" message="Das Unterelement von &apos;method def&apos; hat eine unerwartete Einrückungstiefe von 16 (erwartet: 8)." source="com.puppycrawl.tools.checkstyle.checks.indentation.IndentationCheck"/>
<error line="219" column="17" severity="error" message="Das Unterelement von &apos;method def&apos; hat eine unerwartete Einrückungstiefe von 16 (erwartet: 8)." source="com.puppycrawl.tools.checkstyle.checks.indentation.IndentationCheck"/>
<error line="220" severity="error" message="Line has trailing spaces." source="com.puppycrawl.tools.checkstyle.checks.regexp.RegexpSinglelineCheck"/>
<error line="221" column="17" severity="error" message="Das Unterelement von &apos;method def&apos; hat eine unerwartete Einrückungstiefe von 16 (erwartet: 8)." source="com.puppycrawl.tools.checkstyle.checks.indentation.IndentationCheck"/>
<error line="222" severity="error" message="Line has trailing spaces." source="com.puppycrawl.tools.checkstyle.checks.regexp.RegexpSinglelineCheck"/>
<error line="223" column="17" severity="error" message="Das Unterelement von &apos;method def&apos; hat eine unerwartete Einrückungstiefe von 16 (erwartet: 8)." source="com.puppycrawl.tools.checkstyle.checks.indentation.IndentationCheck"/>
<error line="223" column="51" severity="error" message="Die magische Zahl &apos;15&apos; sollte als Konstante definiert werden." source="com.puppycrawl.tools.checkstyle.checks.coding.MagicNumberCheck"/>
<error line="224" severity="error" message="Line has trailing spaces." source="com.puppycrawl.tools.checkstyle.checks.regexp.RegexpSinglelineCheck"/>
<error line="225" column="17" severity="error" message="Das Unterelement von &apos;method def&apos; hat eine unerwartete Einrückungstiefe von 16 (erwartet: 8)." source="com.puppycrawl.tools.checkstyle.checks.indentation.IndentationCheck"/>
<error line="226" column="17" severity="error" message="Das Unterelement von &apos;method def&apos; hat eine unerwartete Einrückungstiefe von 16 (erwartet: 8)." source="com.puppycrawl.tools.checkstyle.checks.indentation.IndentationCheck"/>
<error line="227" severity="error" message="Line has trailing spaces." source="com.puppycrawl.tools.checkstyle.checks.regexp.RegexpSinglelineCheck"/>
<error line="229" column="17" severity="error" message="Das Unterelement von &apos;method def&apos; hat eine unerwartete Einrückungstiefe von 16 (erwartet: 8)." source="com.puppycrawl.tools.checkstyle.checks.indentation.IndentationCheck"/>
<error line="230" column="17" severity="error" message="Das Unterelement von &apos;method def&apos; hat eine unerwartete Einrückungstiefe von 16 (erwartet: 8)." source="com.puppycrawl.tools.checkstyle.checks.indentation.IndentationCheck"/>
<error line="231" column="72" severity="error" message="Nach &apos;,&apos; fehlt ein Leerzeichen." source="com.puppycrawl.tools.checkstyle.checks.whitespace.WhitespaceAfterCheck"/>
<error line="231" column="73" severity="error" message="Die magische Zahl &apos;20&apos; sollte als Konstante definiert werden." source="com.puppycrawl.tools.checkstyle.checks.coding.MagicNumberCheck"/>
<error line="231" column="75" severity="error" message="Nach &apos;,&apos; fehlt ein Leerzeichen." source="com.puppycrawl.tools.checkstyle.checks.whitespace.WhitespaceAfterCheck"/>
<error line="231" column="76" severity="error" message="Die magische Zahl &apos;20&apos; sollte als Konstante definiert werden." source="com.puppycrawl.tools.checkstyle.checks.coding.MagicNumberCheck"/>
<error line="231" column="78" severity="error" message="Nach &apos;,&apos; fehlt ein Leerzeichen." source="com.puppycrawl.tools.checkstyle.checks.whitespace.WhitespaceAfterCheck"/>
<error line="231" column="79" severity="error" message="Die magische Zahl &apos;20&apos; sollte als Konstante definiert werden." source="com.puppycrawl.tools.checkstyle.checks.coding.MagicNumberCheck"/>
<error line="232" column="33" severity="error" message="&apos;method call rparen&apos; hat eine unerwartete Einrückungstiefe von 32 (erwartet: 8)." source="com.puppycrawl.tools.checkstyle.checks.indentation.IndentationCheck"/>
<error line="233" column="17" severity="error" message="Das Unterelement von &apos;method def&apos; hat eine unerwartete Einrückungstiefe von 16 (erwartet: 8)." source="com.puppycrawl.tools.checkstyle.checks.indentation.IndentationCheck"/>
<error line="235" column="33" severity="error" message="&apos;method call rparen&apos; hat eine unerwartete Einrückungstiefe von 32 (erwartet: 8)." source="com.puppycrawl.tools.checkstyle.checks.indentation.IndentationCheck"/>
<error line="236" severity="error" message="Line has trailing spaces." source="com.puppycrawl.tools.checkstyle.checks.regexp.RegexpSinglelineCheck"/>
<error line="238" column="17" severity="error" message="Das Unterelement von &apos;method def&apos; hat eine unerwartete Einrückungstiefe von 16 (erwartet: 8)." source="com.puppycrawl.tools.checkstyle.checks.indentation.IndentationCheck"/>
<error line="239" column="17" severity="error" message="Das Unterelement von &apos;method def&apos; hat eine unerwartete Einrückungstiefe von 16 (erwartet: 8)." source="com.puppycrawl.tools.checkstyle.checks.indentation.IndentationCheck"/>
<error line="241" column="33" severity="error" message="&apos;method call rparen&apos; hat eine unerwartete Einrückungstiefe von 32 (erwartet: 8)." source="com.puppycrawl.tools.checkstyle.checks.indentation.IndentationCheck"/>
<error line="242" column="17" severity="error" message="Das Unterelement von &apos;method def&apos; hat eine unerwartete Einrückungstiefe von 16 (erwartet: 8)." source="com.puppycrawl.tools.checkstyle.checks.indentation.IndentationCheck"/>
<error line="244" column="33" severity="error" message="&apos;method call rparen&apos; hat eine unerwartete Einrückungstiefe von 32 (erwartet: 8)." source="com.puppycrawl.tools.checkstyle.checks.indentation.IndentationCheck"/>
<error line="245" severity="error" message="Line has trailing spaces." source="com.puppycrawl.tools.checkstyle.checks.regexp.RegexpSinglelineCheck"/>
<error line="247" column="17" severity="error" message="Das Unterelement von &apos;method def&apos; hat eine unerwartete Einrückungstiefe von 16 (erwartet: 8)." source="com.puppycrawl.tools.checkstyle.checks.indentation.IndentationCheck"/>
<error line="248" column="17" severity="error" message="Das Unterelement von &apos;method def&apos; hat eine unerwartete Einrückungstiefe von 16 (erwartet: 8)." source="com.puppycrawl.tools.checkstyle.checks.indentation.IndentationCheck"/>
<error line="249" severity="error" message="Line has trailing spaces." source="com.puppycrawl.tools.checkstyle.checks.regexp.RegexpSinglelineCheck"/>
<error line="251" column="17" severity="error" message="Das Unterelement von &apos;method def&apos; hat eine unerwartete Einrückungstiefe von 16 (erwartet: 8)." source="com.puppycrawl.tools.checkstyle.checks.indentation.IndentationCheck"/>
<error line="253" severity="error" message="Line has trailing spaces." source="com.puppycrawl.tools.checkstyle.checks.regexp.RegexpSinglelineCheck"/>
<error line="254" column="33" severity="error" message="Das Unterelement von &apos;method def&apos; hat eine unerwartete Einrückungstiefe von 32. Erwartet wird eine der folgenden Einrückungstiefen: 24, 28." source="com.puppycrawl.tools.checkstyle.checks.indentation.IndentationCheck"/>
<error line="257" column="33" severity="error" message="Das Unterelement von &apos;method def&apos; hat eine unerwartete Einrückungstiefe von 32. Erwartet wird eine der folgenden Einrückungstiefen: 24, 28." source="com.puppycrawl.tools.checkstyle.checks.indentation.IndentationCheck"/>
<error line="259" column="33" severity="error" message="Das Unterelement von &apos;method def&apos; hat eine unerwartete Einrückungstiefe von 32. Erwartet wird eine der folgenden Einrückungstiefen: 24, 28." source="com.puppycrawl.tools.checkstyle.checks.indentation.IndentationCheck"/>
<error line="260" severity="error" message="Line has trailing spaces." source="com.puppycrawl.tools.checkstyle.checks.regexp.RegexpSinglelineCheck"/>
<error line="262" column="33" severity="error" message="&apos;if&apos; hat eine unerwartete Einrückungstiefe von 32. Erwartet wird eine der folgenden Einrückungstiefen: 24, 28." source="com.puppycrawl.tools.checkstyle.checks.indentation.IndentationCheck"/>
<error line="262" column="33" severity="error" message="Nach &apos;if&apos; fehlt ein Leerzeichen." source="com.puppycrawl.tools.checkstyle.checks.whitespace.WhitespaceAfterCheck"/>
<error line="263" column="41" severity="error" message="Das Unterelement von &apos;if&apos; hat eine unerwartete Einrückungstiefe von 40. Erwartet wird eine der folgenden Einrückungstiefen: 28, 32." source="com.puppycrawl.tools.checkstyle.checks.indentation.IndentationCheck"/>
<error line="264" severity="error" message="Line has trailing spaces." source="com.puppycrawl.tools.checkstyle.checks.regexp.RegexpSinglelineCheck"/>
<error line="264" column="33" severity="error" message="&apos;if rcurly&apos; hat eine unerwartete Einrückungstiefe von 32. Erwartet wird eine der folgenden Einrückungstiefen: 24, 28." source="com.puppycrawl.tools.checkstyle.checks.indentation.IndentationCheck"/>
<error line="264" column="33" severity="error" message="&apos;}&apos; an Position 5 sollte in der gleichen Zeile stehen wie der nächste Teil der Multi-Block-Anweisung (eine Anweisung, die mehrere Blöcke enthält: if/else-if/else, do/while oder try/catch/finally)." source="com.puppycrawl.tools.checkstyle.checks.blocks.RightCurlyCheck"/>
<error line="266" column="33" severity="error" message="&apos;else&apos; hat eine unerwartete Einrückungstiefe von 32. Erwartet wird eine der folgenden Einrückungstiefen: 24, 28." source="com.puppycrawl.tools.checkstyle.checks.indentation.IndentationCheck"/>
<error line="267" column="41" severity="error" message="Das Unterelement von &apos;else&apos; hat eine unerwartete Einrückungstiefe von 40. Erwartet wird eine der folgenden Einrückungstiefen: 28, 32." source="com.puppycrawl.tools.checkstyle.checks.indentation.IndentationCheck"/>
<error line="268" column="33" severity="error" message="&apos;else rcurly&apos; hat eine unerwartete Einrückungstiefe von 32. Erwartet wird eine der folgenden Einrückungstiefen: 24, 28." source="com.puppycrawl.tools.checkstyle.checks.indentation.IndentationCheck"/>
<error line="269" severity="error" message="Line has trailing spaces." source="com.puppycrawl.tools.checkstyle.checks.regexp.RegexpSinglelineCheck"/>
<error line="274" column="17" severity="error" message="Das Unterelement von &apos;method def&apos; hat eine unerwartete Einrückungstiefe von 16 (erwartet: 8)." source="com.puppycrawl.tools.checkstyle.checks.indentation.IndentationCheck"/>
<error line="275" column="17" severity="error" message="Das Unterelement von &apos;method def&apos; hat eine unerwartete Einrückungstiefe von 16 (erwartet: 8)." source="com.puppycrawl.tools.checkstyle.checks.indentation.IndentationCheck"/>
<error line="276" severity="error" message="Line has trailing spaces." source="com.puppycrawl.tools.checkstyle.checks.regexp.RegexpSinglelineCheck"/>
<error line="277" column="9" severity="error" message="&apos;method def rcurly&apos; hat eine unerwartete Einrückungstiefe von 8 (erwartet: 4)." source="com.puppycrawl.tools.checkstyle.checks.indentation.IndentationCheck"/>
<error line="278" severity="error" message="Line has trailing spaces." source="com.puppycrawl.tools.checkstyle.checks.regexp.RegexpSinglelineCheck"/>
<error line="280" column="9" severity="error" message="&apos;method def modifier&apos; hat eine unerwartete Einrückungstiefe von 8 (erwartet: 4)." source="com.puppycrawl.tools.checkstyle.checks.indentation.IndentationCheck"/>
<error line="280" column="9" severity="error" message="Es fehlt ein Javadoc-Kommentar." source="com.puppycrawl.tools.checkstyle.checks.javadoc.MissingJavadocMethodCheck"/>
<error line="281" severity="error" message="Line has trailing spaces." source="com.puppycrawl.tools.checkstyle.checks.regexp.RegexpSinglelineCheck"/>
<error line="283" column="17" severity="error" message="Das Unterelement von &apos;method def&apos; hat eine unerwartete Einrückungstiefe von 16 (erwartet: 8)." source="com.puppycrawl.tools.checkstyle.checks.indentation.IndentationCheck"/>
<error line="284" severity="error" message="Line has trailing spaces." source="com.puppycrawl.tools.checkstyle.checks.regexp.RegexpSinglelineCheck"/>
<error line="285" column="9" severity="error" message="&apos;method def rcurly&apos; hat eine unerwartete Einrückungstiefe von 8 (erwartet: 4)." source="com.puppycrawl.tools.checkstyle.checks.indentation.IndentationCheck"/>
<error line="286" severity="error" message="Line has trailing spaces." source="com.puppycrawl.tools.checkstyle.checks.regexp.RegexpSinglelineCheck"/>
<error line="288" severity="error" message="Line has trailing spaces." source="com.puppycrawl.tools.checkstyle.checks.regexp.RegexpSinglelineCheck"/>
<error line="288" column="9" severity="error" message="&apos;method def modifier&apos; hat eine unerwartete Einrückungstiefe von 8 (erwartet: 4)." source="com.puppycrawl.tools.checkstyle.checks.indentation.IndentationCheck"/>
<error line="288" column="9" severity="error" message="Es fehlt ein Javadoc-Kommentar." source="com.puppycrawl.tools.checkstyle.checks.javadoc.MissingJavadocMethodCheck"/>
<error line="289" severity="error" message="Line has trailing spaces." source="com.puppycrawl.tools.checkstyle.checks.regexp.RegexpSinglelineCheck"/>
<error line="291" column="17" severity="error" message="Das Unterelement von &apos;method def&apos; hat eine unerwartete Einrückungstiefe von 16 (erwartet: 8)." source="com.puppycrawl.tools.checkstyle.checks.indentation.IndentationCheck"/>
<error line="292" severity="error" message="Line has trailing spaces." source="com.puppycrawl.tools.checkstyle.checks.regexp.RegexpSinglelineCheck"/>
<error line="293" column="9" severity="error" message="&apos;method def rcurly&apos; hat eine unerwartete Einrückungstiefe von 8 (erwartet: 4)." source="com.puppycrawl.tools.checkstyle.checks.indentation.IndentationCheck"/>
<error line="294" severity="error" message="Line has trailing spaces." source="com.puppycrawl.tools.checkstyle.checks.regexp.RegexpSinglelineCheck"/>
<error line="296" column="9" severity="error" message="&apos;method def modifier&apos; hat eine unerwartete Einrückungstiefe von 8 (erwartet: 4)." source="com.puppycrawl.tools.checkstyle.checks.indentation.IndentationCheck"/>
<error line="296" column="9" severity="error" message="Es fehlt ein Javadoc-Kommentar." source="com.puppycrawl.tools.checkstyle.checks.javadoc.MissingJavadocMethodCheck"/>
<error line="297" severity="error" message="Line has trailing spaces." source="com.puppycrawl.tools.checkstyle.checks.regexp.RegexpSinglelineCheck"/>
<error line="299" column="17" severity="error" message="Das Unterelement von &apos;method def&apos; hat eine unerwartete Einrückungstiefe von 16 (erwartet: 8)." source="com.puppycrawl.tools.checkstyle.checks.indentation.IndentationCheck"/>
<error line="299" column="17" severity="error" message="Nach &apos;return&apos; fehlt ein Leerzeichen." source="com.puppycrawl.tools.checkstyle.checks.whitespace.WhitespaceAroundCheck"/>
<error line="299" column="24" severity="error" message="Überflüssige Klammern um das Literal &apos;true&apos;." source="com.puppycrawl.tools.checkstyle.checks.coding.UnnecessaryParenthesesCheck"/>
<error line="300" severity="error" message="Line has trailing spaces." source="com.puppycrawl.tools.checkstyle.checks.regexp.RegexpSinglelineCheck"/>
<error line="301" column="9" severity="error" message="&apos;method def rcurly&apos; hat eine unerwartete Einrückungstiefe von 8 (erwartet: 4)." source="com.puppycrawl.tools.checkstyle.checks.indentation.IndentationCheck"/>
<error line="302" severity="error" message="Line has trailing spaces." source="com.puppycrawl.tools.checkstyle.checks.regexp.RegexpSinglelineCheck"/>
<error line="305" column="9" severity="error" message="&apos;method def modifier&apos; hat eine unerwartete Einrückungstiefe von 8 (erwartet: 4)." source="com.puppycrawl.tools.checkstyle.checks.indentation.IndentationCheck"/>
<error line="305" column="9" severity="error" message="Es fehlt ein Javadoc-Kommentar." source="com.puppycrawl.tools.checkstyle.checks.javadoc.MissingJavadocMethodCheck"/>
<error line="305" column="37" severity="error" message="Die Variable &apos;isbn&apos; verbirgt ein Feld." source="com.puppycrawl.tools.checkstyle.checks.coding.HiddenFieldCheck"/>
<error line="306" severity="error" message="Line has trailing spaces." source="com.puppycrawl.tools.checkstyle.checks.regexp.RegexpSinglelineCheck"/>
<error line="308" column="17" severity="error" message="Das Unterelement von &apos;method def&apos; hat eine unerwartete Einrückungstiefe von 16 (erwartet: 8)." source="com.puppycrawl.tools.checkstyle.checks.indentation.IndentationCheck"/>
<error line="309" column="17" severity="error" message="Das Unterelement von &apos;method def&apos; hat eine unerwartete Einrückungstiefe von 16 (erwartet: 8)." source="com.puppycrawl.tools.checkstyle.checks.indentation.IndentationCheck"/>
<error line="310" column="17" severity="error" message="Das Unterelement von &apos;method def&apos; hat eine unerwartete Einrückungstiefe von 16 (erwartet: 8)." source="com.puppycrawl.tools.checkstyle.checks.indentation.IndentationCheck"/>
<error line="312" column="13" severity="error" message="Das Unterelement von &apos;method def&apos; hat eine unerwartete Einrückungstiefe von 12 (erwartet: 8)." source="com.puppycrawl.tools.checkstyle.checks.indentation.IndentationCheck"/>
<error line="314" severity="error" message="Line has trailing spaces." source="com.puppycrawl.tools.checkstyle.checks.regexp.RegexpSinglelineCheck"/>
<error line="315" column="9" severity="error" message="&apos;method def rcurly&apos; hat eine unerwartete Einrückungstiefe von 8 (erwartet: 4)." source="com.puppycrawl.tools.checkstyle.checks.indentation.IndentationCheck"/>
<error line="318" severity="error" message="Line has trailing spaces." source="com.puppycrawl.tools.checkstyle.checks.regexp.RegexpSinglelineCheck"/>
<error line="320" column="9" severity="error" message="&apos;method def modifier&apos; hat eine unerwartete Einrückungstiefe von 8 (erwartet: 4)." source="com.puppycrawl.tools.checkstyle.checks.indentation.IndentationCheck"/>
<error line="320" column="9" severity="error" message="Es fehlt ein Javadoc-Kommentar." source="com.puppycrawl.tools.checkstyle.checks.javadoc.MissingJavadocMethodCheck"/>
<error line="320" column="32" severity="error" message="Vor &apos;{&apos; fehlt ein Leerzeichen." source="com.puppycrawl.tools.checkstyle.checks.whitespace.WhitespaceAroundCheck"/>
<error line="323" column="17" severity="error" message="Das Unterelement von &apos;method def&apos; hat eine unerwartete Einrückungstiefe von 16 (erwartet: 8)." source="com.puppycrawl.tools.checkstyle.checks.indentation.IndentationCheck"/>
<error line="327" column="17" severity="error" message="&apos;if&apos; hat eine unerwartete Einrückungstiefe von 16 (erwartet: 8)." source="com.puppycrawl.tools.checkstyle.checks.indentation.IndentationCheck"/>
<error line="327" column="17" severity="error" message="Nach &apos;if&apos; fehlt ein Leerzeichen." source="com.puppycrawl.tools.checkstyle.checks.whitespace.WhitespaceAfterCheck"/>
<error line="329" column="25" severity="error" message="Das Unterelement von &apos;if&apos; hat eine unerwartete Einrückungstiefe von 24 (erwartet: 12)." source="com.puppycrawl.tools.checkstyle.checks.indentation.IndentationCheck"/>
<error line="331" column="25" severity="error" message="Das Unterelement von &apos;if&apos; hat eine unerwartete Einrückungstiefe von 24 (erwartet: 12)." source="com.puppycrawl.tools.checkstyle.checks.indentation.IndentationCheck"/>
<error line="333" column="25" severity="error" message="Das Unterelement von &apos;if&apos; hat eine unerwartete Einrückungstiefe von 24 (erwartet: 12)." source="com.puppycrawl.tools.checkstyle.checks.indentation.IndentationCheck"/>
<error line="334" column="17" severity="error" message="&apos;if rcurly&apos; hat eine unerwartete Einrückungstiefe von 16 (erwartet: 8)." source="com.puppycrawl.tools.checkstyle.checks.indentation.IndentationCheck"/>
<error line="336" column="9" severity="error" message="&apos;method def rcurly&apos; hat eine unerwartete Einrückungstiefe von 8 (erwartet: 4)." source="com.puppycrawl.tools.checkstyle.checks.indentation.IndentationCheck"/>
<error line="338" severity="error" message="Line has trailing spaces." source="com.puppycrawl.tools.checkstyle.checks.regexp.RegexpSinglelineCheck"/>
<error line="339" column="9" severity="error" message="&apos;method def modifier&apos; hat eine unerwartete Einrückungstiefe von 8 (erwartet: 4)." source="com.puppycrawl.tools.checkstyle.checks.indentation.IndentationCheck"/>
<error line="339" column="9" severity="error" message="Es fehlt ein Javadoc-Kommentar." source="com.puppycrawl.tools.checkstyle.checks.javadoc.MissingJavadocMethodCheck"/>
<error line="342" column="17" severity="error" message="Das Unterelement von &apos;method def&apos; hat eine unerwartete Einrückungstiefe von 16 (erwartet: 8)." source="com.puppycrawl.tools.checkstyle.checks.indentation.IndentationCheck"/>
<error line="346" column="17" severity="error" message="&apos;if&apos; hat eine unerwartete Einrückungstiefe von 16 (erwartet: 8)." source="com.puppycrawl.tools.checkstyle.checks.indentation.IndentationCheck"/>
<error line="346" column="17" severity="error" message="Nach &apos;if&apos; fehlt ein Leerzeichen." source="com.puppycrawl.tools.checkstyle.checks.whitespace.WhitespaceAfterCheck"/>
<error line="348" column="25" severity="error" message="&apos;if&apos; hat eine unerwartete Einrückungstiefe von 24 (erwartet: 12)." source="com.puppycrawl.tools.checkstyle.checks.indentation.IndentationCheck"/>
<error line="348" column="25" severity="error" message="Nach &apos;if&apos; fehlt ein Leerzeichen." source="com.puppycrawl.tools.checkstyle.checks.whitespace.WhitespaceAfterCheck"/>
<error line="348" column="31" severity="error" message="Der Vergleich von String-Literalen sollte mit equals() erfolgen, nicht mit &apos;==&apos;." source="com.puppycrawl.tools.checkstyle.checks.coding.StringLiteralEqualityCheck"/>
<error line="350" column="33" severity="error" message="Das Unterelement von &apos;if&apos; hat eine unerwartete Einrückungstiefe von 32 (erwartet: 16)." source="com.puppycrawl.tools.checkstyle.checks.indentation.IndentationCheck"/>
<error line="351" column="33" severity="error" message="Das Unterelement von &apos;if&apos; hat eine unerwartete Einrückungstiefe von 32 (erwartet: 16)." source="com.puppycrawl.tools.checkstyle.checks.indentation.IndentationCheck"/>
<error line="352" column="33" severity="error" message="Das Unterelement von &apos;if&apos; hat eine unerwartete Einrückungstiefe von 32 (erwartet: 16)." source="com.puppycrawl.tools.checkstyle.checks.indentation.IndentationCheck"/>
<error line="353" column="25" severity="error" message="&apos;if rcurly&apos; hat eine unerwartete Einrückungstiefe von 24 (erwartet: 12)." source="com.puppycrawl.tools.checkstyle.checks.indentation.IndentationCheck"/>
<error line="353" column="32" severity="error" message="Nach &apos;if&apos; fehlt ein Leerzeichen." source="com.puppycrawl.tools.checkstyle.checks.whitespace.WhitespaceAfterCheck"/>
<error line="353" column="38" severity="error" message="Der Vergleich von String-Literalen sollte mit equals() erfolgen, nicht mit &apos;==&apos;." source="com.puppycrawl.tools.checkstyle.checks.coding.StringLiteralEqualityCheck"/>
<error line="355" column="33" severity="error" message="Das Unterelement von &apos;if&apos; hat eine unerwartete Einrückungstiefe von 32 (erwartet: 16)." source="com.puppycrawl.tools.checkstyle.checks.indentation.IndentationCheck"/>
<error line="356" column="33" severity="error" message="Das Unterelement von &apos;if&apos; hat eine unerwartete Einrückungstiefe von 32 (erwartet: 16)." source="com.puppycrawl.tools.checkstyle.checks.indentation.IndentationCheck"/>
<error line="357" column="33" severity="error" message="Das Unterelement von &apos;if&apos; hat eine unerwartete Einrückungstiefe von 32 (erwartet: 16)." source="com.puppycrawl.tools.checkstyle.checks.indentation.IndentationCheck"/>
<error line="358" column="25" severity="error" message="&apos;if rcurly&apos; hat eine unerwartete Einrückungstiefe von 24 (erwartet: 12)." source="com.puppycrawl.tools.checkstyle.checks.indentation.IndentationCheck"/>
<error line="359" severity="error" message="Line has trailing spaces." source="com.puppycrawl.tools.checkstyle.checks.regexp.RegexpSinglelineCheck"/>
<error line="360" column="33" severity="error" message="Das Unterelement von &apos;else&apos; hat eine unerwartete Einrückungstiefe von 32 (erwartet: 16)." source="com.puppycrawl.tools.checkstyle.checks.indentation.IndentationCheck"/>
<error line="361" column="25" severity="error" message="&apos;else rcurly&apos; hat eine unerwartete Einrückungstiefe von 24 (erwartet: 12)." source="com.puppycrawl.tools.checkstyle.checks.indentation.IndentationCheck"/>
<error line="362" column="17" severity="error" message="&apos;if rcurly&apos; hat eine unerwartete Einrückungstiefe von 16 (erwartet: 8)." source="com.puppycrawl.tools.checkstyle.checks.indentation.IndentationCheck"/>
<error line="364" column="9" severity="error" message="&apos;method def rcurly&apos; hat eine unerwartete Einrückungstiefe von 8 (erwartet: 4)." source="com.puppycrawl.tools.checkstyle.checks.indentation.IndentationCheck"/>
<error line="365" severity="error" message="Line has trailing spaces." source="com.puppycrawl.tools.checkstyle.checks.regexp.RegexpSinglelineCheck"/>
</file>
<file name="C:\Users\maxwe\OneDrive\Desktop\Projects\git\book_converter\converter\src\main\java\com\converter\modules\TargetFldrSlctr.java">
<error line="3" column="1" severity="error" message="&apos;import&apos; sollte durch eine Leerzeile von der vorherigen Zeile getrennt sein." source="com.puppycrawl.tools.checkstyle.checks.whitespace.EmptyLineSeparatorCheck"/>
<error line="4" column="1" severity="error" message="Falsche Reihenfolge des Imports von &apos;java.awt.*&apos;." source="com.puppycrawl.tools.checkstyle.checks.imports.ImportOrderCheck"/>
<error line="7" severity="error" message="Line has trailing spaces." source="com.puppycrawl.tools.checkstyle.checks.regexp.RegexpSinglelineCheck"/>
<error line="9" severity="error" message="Line has trailing spaces." source="com.puppycrawl.tools.checkstyle.checks.regexp.RegexpSinglelineCheck"/>
<error line="16" column="1" severity="error" message="Die Datei enthält Tabulatorzeichen (dies ist das erste Vorkommen)." source="com.puppycrawl.tools.checkstyle.checks.whitespace.FileTabCharacterCheck"/>
<error line="17" column="9" severity="error" message="&apos;ctor def modifier&apos; hat eine unerwartete Einrückungstiefe von 8 (erwartet: 4)." source="com.puppycrawl.tools.checkstyle.checks.indentation.IndentationCheck"/>
<error line="17" column="9" severity="error" message="Es fehlt ein Javadoc-Kommentar." source="com.puppycrawl.tools.checkstyle.checks.javadoc.MissingJavadocMethodCheck"/>
<error line="18" severity="error" message="Line has trailing spaces." source="com.puppycrawl.tools.checkstyle.checks.regexp.RegexpSinglelineCheck"/>
<error line="19" severity="error" message="Line has trailing spaces." source="com.puppycrawl.tools.checkstyle.checks.regexp.RegexpSinglelineCheck"/>
<error line="22" column="17" severity="error" message="Das Unterelement von &apos;ctor def&apos; hat eine unerwartete Einrückungstiefe von 16 (erwartet: 8)." source="com.puppycrawl.tools.checkstyle.checks.indentation.IndentationCheck"/>
<error line="23" severity="error" message="Line has trailing spaces." source="com.puppycrawl.tools.checkstyle.checks.regexp.RegexpSinglelineCheck"/>
<error line="24" column="9" severity="error" message="&apos;ctor def rcurly&apos; hat eine unerwartete Einrückungstiefe von 8 (erwartet: 4)." source="com.puppycrawl.tools.checkstyle.checks.indentation.IndentationCheck"/>
<error line="25" severity="error" message="Line has trailing spaces." source="com.puppycrawl.tools.checkstyle.checks.regexp.RegexpSinglelineCheck"/>
</file>
<file name="C:\Users\maxwe\OneDrive\Desktop\Projects\git\book_converter\converter\src\main\java\com\converter\modules\Title.java">
<error line="3" column="1" severity="error" message="&apos;import&apos; sollte durch eine Leerzeile von der vorherigen Zeile getrennt sein." source="com.puppycrawl.tools.checkstyle.checks.whitespace.EmptyLineSeparatorCheck"/>
<error line="4" column="1" severity="error" message="Falsche Reihenfolge des Imports von &apos;java.awt.*&apos;." source="com.puppycrawl.tools.checkstyle.checks.imports.ImportOrderCheck"/>
<error line="7" severity="error" message="Line has trailing spaces." source="com.puppycrawl.tools.checkstyle.checks.regexp.RegexpSinglelineCheck"/>
<error line="9" severity="error" message="Line has trailing spaces." source="com.puppycrawl.tools.checkstyle.checks.regexp.RegexpSinglelineCheck"/>
<error line="12" severity="error" message="Line has trailing spaces." source="com.puppycrawl.tools.checkstyle.checks.regexp.RegexpSinglelineCheck"/>
<error line="15" column="34" severity="error" message="Vor &apos;{&apos; fehlt ein Leerzeichen." source="com.puppycrawl.tools.checkstyle.checks.whitespace.WhitespaceAroundCheck"/>
<error line="17" column="1" severity="error" message="Die Datei enthält Tabulatorzeichen (dies ist das erste Vorkommen)." source="com.puppycrawl.tools.checkstyle.checks.whitespace.FileTabCharacterCheck"/>
<error line="20" column="9" severity="error" message="&apos;member def modifier&apos; hat eine unerwartete Einrückungstiefe von 8 (erwartet: 4)." source="com.puppycrawl.tools.checkstyle.checks.indentation.IndentationCheck"/>
<error line="23" column="9" severity="error" message="&apos;ctor def modifier&apos; hat eine unerwartete Einrückungstiefe von 8 (erwartet: 4)." source="com.puppycrawl.tools.checkstyle.checks.indentation.IndentationCheck"/>
<error line="23" column="9" severity="error" message="Es fehlt ein Javadoc-Kommentar." source="com.puppycrawl.tools.checkstyle.checks.javadoc.MissingJavadocMethodCheck"/>
<error line="24" severity="error" message="Line has trailing spaces." source="com.puppycrawl.tools.checkstyle.checks.regexp.RegexpSinglelineCheck"/>
<error line="25" column="17" severity="error" message="Das Unterelement von &apos;ctor def&apos; hat eine unerwartete Einrückungstiefe von 16 (erwartet: 8)." source="com.puppycrawl.tools.checkstyle.checks.indentation.IndentationCheck"/>
<error line="26" severity="error" message="Line has trailing spaces." source="com.puppycrawl.tools.checkstyle.checks.regexp.RegexpSinglelineCheck"/>
<error line="27" column="9" severity="error" message="&apos;ctor def rcurly&apos; hat eine unerwartete Einrückungstiefe von 8 (erwartet: 4)." source="com.puppycrawl.tools.checkstyle.checks.indentation.IndentationCheck"/>
<error line="28" severity="error" message="Line has trailing spaces." source="com.puppycrawl.tools.checkstyle.checks.regexp.RegexpSinglelineCheck"/>
</file>
<file name="C:\Users\maxwe\OneDrive\Desktop\Projects\git\book_converter\converter\src\main\java\com\converter\modules\Window.java">
<error line="3" column="1" severity="error" message="&apos;import&apos; sollte durch eine Leerzeile von der vorherigen Zeile getrennt sein." source="com.puppycrawl.tools.checkstyle.checks.whitespace.EmptyLineSeparatorCheck"/>
<error line="4" column="8" severity="error" message="Nicht verwendeter Import - javax.swing.border.EmptyBorder." source="com.puppycrawl.tools.checkstyle.checks.imports.UnusedImportsCheck"/>
<error line="5" column="8" severity="error" message="Nicht verwendeter Import - javax.swing.text.html.parser.DTD." source="com.puppycrawl.tools.checkstyle.checks.imports.UnusedImportsCheck"/>
<error line="7" column="1" severity="error" message="Falsche Reihenfolge des Imports von &apos;java.awt.*&apos;." source="com.puppycrawl.tools.checkstyle.checks.imports.ImportOrderCheck"/>
<error line="7" column="1" severity="error" message="Zusätzliche Trennung in der Importgruppe vor &apos;java.awt.*&apos;" source="com.puppycrawl.tools.checkstyle.checks.imports.ImportOrderCheck"/>
<error line="12" column="1" severity="error" message="Falsche Reihenfolge des Imports von &apos;com.converter.modules.ConvertBtn&apos;." source="com.puppycrawl.tools.checkstyle.checks.imports.ImportOrderCheck"/>
<error line="12" column="1" severity="error" message="Zusätzliche Trennung in der Importgruppe vor &apos;com.converter.modules.ConvertBtn&apos;" source="com.puppycrawl.tools.checkstyle.checks.imports.ImportOrderCheck"/>
<error line="12" column="1" severity="error" message="Überflüssiger Import aus dem gleichen Paket - com.converter.modules.ConvertBtn." source="com.puppycrawl.tools.checkstyle.checks.imports.RedundantImportCheck"/>
<error line="12" column="8" severity="error" message="Nicht verwendeter Import - com.converter.modules.ConvertBtn." source="com.puppycrawl.tools.checkstyle.checks.imports.UnusedImportsCheck"/>
<error line="13" column="1" severity="error" message="Überflüssiger Import aus dem gleichen Paket - com.converter.modules.Title." source="com.puppycrawl.tools.checkstyle.checks.imports.RedundantImportCheck"/>
<error line="13" column="8" severity="error" message="Nicht verwendeter Import - com.converter.modules.Title." source="com.puppycrawl.tools.checkstyle.checks.imports.UnusedImportsCheck"/>
<error line="15" column="1" severity="error" message="Falsche Reihenfolge des Imports von &apos;com.converter.modules.TargetFldrSlctr&apos;." source="com.puppycrawl.tools.checkstyle.checks.imports.ImportOrderCheck"/>
<error line="15" column="1" severity="error" message="Überflüssiger Import aus dem gleichen Paket - com.converter.modules.TargetFldrSlctr." source="com.puppycrawl.tools.checkstyle.checks.imports.RedundantImportCheck"/>
<error line="15" column="8" severity="error" message="Nicht verwendeter Import - com.converter.modules.TargetFldrSlctr." source="com.puppycrawl.tools.checkstyle.checks.imports.UnusedImportsCheck"/>
<error line="16" column="1" severity="error" message="Falsche Reihenfolge des Imports von &apos;com.converter.modules.Panel&apos;." source="com.puppycrawl.tools.checkstyle.checks.imports.ImportOrderCheck"/>
<error line="16" column="1" severity="error" message="Überflüssiger Import aus dem gleichen Paket - com.converter.modules.Panel." source="com.puppycrawl.tools.checkstyle.checks.imports.RedundantImportCheck"/>
<error line="21" severity="error" message="Line has trailing spaces." source="com.puppycrawl.tools.checkstyle.checks.regexp.RegexpSinglelineCheck"/>
<error line="23" severity="error" message="Line has trailing spaces." source="com.puppycrawl.tools.checkstyle.checks.regexp.RegexpSinglelineCheck"/>
<error line="30" column="1" severity="error" message="Die Top-Level-Klasse ItemAction muss in einer eigenen Datei liegen." source="com.puppycrawl.tools.checkstyle.checks.design.OneTopLevelClassCheck"/>
<error line="31" column="1" severity="error" message="Die Datei enthält Tabulatorzeichen (dies ist das erste Vorkommen)." source="com.puppycrawl.tools.checkstyle.checks.whitespace.FileTabCharacterCheck"/>
<error line="31" column="9" severity="error" message="&apos;method def modifier&apos; hat eine unerwartete Einrückungstiefe von 8 (erwartet: 4)." source="com.puppycrawl.tools.checkstyle.checks.indentation.IndentationCheck"/>
<error line="32" column="17" severity="error" message="Das Unterelement von &apos;method def&apos; hat eine unerwartete Einrückungstiefe von 16 (erwartet: 8)." source="com.puppycrawl.tools.checkstyle.checks.indentation.IndentationCheck"/>
<error line="33" column="9" severity="error" message="&apos;method def rcurly&apos; hat eine unerwartete Einrückungstiefe von 8 (erwartet: 4)." source="com.puppycrawl.tools.checkstyle.checks.indentation.IndentationCheck"/>
<error line="37" column="1" severity="error" message="Es fehlt ein Javadoc-Kommentar." source="com.puppycrawl.tools.checkstyle.checks.javadoc.MissingJavadocTypeCheck"/>
<error line="40" column="9" severity="error" message="&apos;member def modifier&apos; hat eine unerwartete Einrückungstiefe von 8 (erwartet: 4)." source="com.puppycrawl.tools.checkstyle.checks.indentation.IndentationCheck"/>
<error line="41" column="9" severity="error" message="&apos;member def modifier&apos; hat eine unerwartete Einrückungstiefe von 8 (erwartet: 4)." source="com.puppycrawl.tools.checkstyle.checks.indentation.IndentationCheck"/>
<error line="42" column="9" severity="error" message="&apos;member def modifier&apos; hat eine unerwartete Einrückungstiefe von 8 (erwartet: 4)." source="com.puppycrawl.tools.checkstyle.checks.indentation.IndentationCheck"/>
<error line="43" column="9" severity="error" message="&apos;member def modifier&apos; hat eine unerwartete Einrückungstiefe von 8 (erwartet: 4)." source="com.puppycrawl.tools.checkstyle.checks.indentation.IndentationCheck"/>
<error line="44" severity="error" message="Line has trailing spaces." source="com.puppycrawl.tools.checkstyle.checks.regexp.RegexpSinglelineCheck"/>
<error line="46" column="9" severity="error" message="&apos;member def modifier&apos; hat eine unerwartete Einrückungstiefe von 8 (erwartet: 4)." source="com.puppycrawl.tools.checkstyle.checks.indentation.IndentationCheck"/>
<error line="47" column="9" severity="error" message="&apos;member def modifier&apos; hat eine unerwartete Einrückungstiefe von 8 (erwartet: 4)." source="com.puppycrawl.tools.checkstyle.checks.indentation.IndentationCheck"/>
<error line="48" column="9" severity="error" message="&apos;member def modifier&apos; hat eine unerwartete Einrückungstiefe von 8 (erwartet: 4)." source="com.puppycrawl.tools.checkstyle.checks.indentation.IndentationCheck"/>
<error line="49" column="9" severity="error" message="&apos;member def modifier&apos; hat eine unerwartete Einrückungstiefe von 8 (erwartet: 4)." source="com.puppycrawl.tools.checkstyle.checks.indentation.IndentationCheck"/>
<error line="50" severity="error" message="Line has trailing spaces." source="com.puppycrawl.tools.checkstyle.checks.regexp.RegexpSinglelineCheck"/>
<error line="52" column="9" severity="error" message="&apos;member def modifier&apos; hat eine unerwartete Einrückungstiefe von 8 (erwartet: 4)." source="com.puppycrawl.tools.checkstyle.checks.indentation.IndentationCheck"/>
<error line="53" column="9" severity="error" message="&apos;member def modifier&apos; hat eine unerwartete Einrückungstiefe von 8 (erwartet: 4)." source="com.puppycrawl.tools.checkstyle.checks.indentation.IndentationCheck"/>
<error line="54" column="9" severity="error" message="&apos;member def modifier&apos; hat eine unerwartete Einrückungstiefe von 8 (erwartet: 4)." source="com.puppycrawl.tools.checkstyle.checks.indentation.IndentationCheck"/>
<error line="55" column="9" severity="error" message="&apos;member def modifier&apos; hat eine unerwartete Einrückungstiefe von 8 (erwartet: 4)." source="com.puppycrawl.tools.checkstyle.checks.indentation.IndentationCheck"/>
<error line="56" column="9" severity="error" message="&apos;member def modifier&apos; hat eine unerwartete Einrückungstiefe von 8 (erwartet: 4)." source="com.puppycrawl.tools.checkstyle.checks.indentation.IndentationCheck"/>
<error line="57" column="9" severity="error" message="&apos;member def modifier&apos; hat eine unerwartete Einrückungstiefe von 8 (erwartet: 4)." source="com.puppycrawl.tools.checkstyle.checks.indentation.IndentationCheck"/>
<error line="58" column="9" severity="error" message="&apos;member def modifier&apos; hat eine unerwartete Einrückungstiefe von 8 (erwartet: 4)." source="com.puppycrawl.tools.checkstyle.checks.indentation.IndentationCheck"/>
<error line="59" severity="error" message="Line has trailing spaces." source="com.puppycrawl.tools.checkstyle.checks.regexp.RegexpSinglelineCheck"/>
<error line="61" column="9" severity="error" message="&apos;member def modifier&apos; hat eine unerwartete Einrückungstiefe von 8 (erwartet: 4)." source="com.puppycrawl.tools.checkstyle.checks.indentation.IndentationCheck"/>
<error line="63" column="9" severity="error" message="&apos;member def modifier&apos; hat eine unerwartete Einrückungstiefe von 8 (erwartet: 4)." source="com.puppycrawl.tools.checkstyle.checks.indentation.IndentationCheck"/>
<error line="64" severity="error" message="Line has trailing spaces." source="com.puppycrawl.tools.checkstyle.checks.regexp.RegexpSinglelineCheck"/>
<error line="68" column="9" severity="error" message="&apos;member def modifier&apos; hat eine unerwartete Einrückungstiefe von 8 (erwartet: 4)." source="com.puppycrawl.tools.checkstyle.checks.indentation.IndentationCheck"/>
<error line="68" column="9" severity="error" message="Es fehlt ein Javadoc-Kommentar." source="com.puppycrawl.tools.checkstyle.checks.javadoc.JavadocVariableCheck"/>
<error line="68" column="9" severity="error" message="Fehlerhafte Deklarationsreihenfolge für diesen Scope." source="com.puppycrawl.tools.checkstyle.checks.coding.DeclarationOrderCheck"/>
<error line="68" column="23" severity="error" message="Das Feld &apos;dbstr&apos; muss als private deklariert werden und Zugriffsmethoden haben." source="com.puppycrawl.tools.checkstyle.checks.design.VisibilityModifierCheck"/>
<error line="71" column="9" severity="error" message="&apos;ctor def modifier&apos; hat eine unerwartete Einrückungstiefe von 8 (erwartet: 4)." source="com.puppycrawl.tools.checkstyle.checks.indentation.IndentationCheck"/>
<error line="71" column="9" severity="error" message="Es fehlt ein Javadoc-Kommentar." source="com.puppycrawl.tools.checkstyle.checks.javadoc.MissingJavadocMethodCheck"/>
<error line="72" severity="error" message="Line has trailing spaces." source="com.puppycrawl.tools.checkstyle.checks.regexp.RegexpSinglelineCheck"/>
<error line="77" column="17" severity="error" message="Das Unterelement von &apos;ctor def&apos; hat eine unerwartete Einrückungstiefe von 16 (erwartet: 8)." source="com.puppycrawl.tools.checkstyle.checks.indentation.IndentationCheck"/>
<error line="78" column="17" severity="error" message="Das Unterelement von &apos;ctor def&apos; hat eine unerwartete Einrückungstiefe von 16 (erwartet: 8)." source="com.puppycrawl.tools.checkstyle.checks.indentation.IndentationCheck"/>
<error line="79" column="17" severity="error" message="Das Unterelement von &apos;ctor def&apos; hat eine unerwartete Einrückungstiefe von 16 (erwartet: 8)." source="com.puppycrawl.tools.checkstyle.checks.indentation.IndentationCheck"/>
<error line="80" severity="error" message="Line has trailing spaces." source="com.puppycrawl.tools.checkstyle.checks.regexp.RegexpSinglelineCheck"/>
<error line="81" column="9" severity="error" message="&apos;ctor def rcurly&apos; hat eine unerwartete Einrückungstiefe von 8 (erwartet: 4)." source="com.puppycrawl.tools.checkstyle.checks.indentation.IndentationCheck"/>
<error line="82" severity="error" message="Line has trailing spaces." source="com.puppycrawl.tools.checkstyle.checks.regexp.RegexpSinglelineCheck"/>
<error line="84" column="9" severity="error" message="&apos;method def modifier&apos; hat eine unerwartete Einrückungstiefe von 8 (erwartet: 4)." source="com.puppycrawl.tools.checkstyle.checks.indentation.IndentationCheck"/>
<error line="84" column="9" severity="error" message="Es fehlt ein Javadoc-Kommentar." source="com.puppycrawl.tools.checkstyle.checks.javadoc.MissingJavadocMethodCheck"/>
<error line="85" severity="error" message="Line has trailing spaces." source="com.puppycrawl.tools.checkstyle.checks.regexp.RegexpSinglelineCheck"/>
<error line="87" column="17" severity="error" message="Das Unterelement von &apos;method def&apos; hat eine unerwartete Einrückungstiefe von 16 (erwartet: 8)." source="com.puppycrawl.tools.checkstyle.checks.indentation.IndentationCheck"/>
<error line="89" column="17" severity="error" message="Das Unterelement von &apos;method def&apos; hat eine unerwartete Einrückungstiefe von 16 (erwartet: 8)." source="com.puppycrawl.tools.checkstyle.checks.indentation.IndentationCheck"/>
<error line="90" column="17" severity="error" message="Das Unterelement von &apos;method def&apos; hat eine unerwartete Einrückungstiefe von 16 (erwartet: 8)." source="com.puppycrawl.tools.checkstyle.checks.indentation.IndentationCheck"/>
<error line="92" column="17" severity="error" message="Das Unterelement von &apos;method def&apos; hat eine unerwartete Einrückungstiefe von 16 (erwartet: 8)." source="com.puppycrawl.tools.checkstyle.checks.indentation.IndentationCheck"/>
<error line="93" severity="error" message="Line has trailing spaces." source="com.puppycrawl.tools.checkstyle.checks.regexp.RegexpSinglelineCheck"/>
<error line="94" column="17" severity="error" message="Das Unterelement von &apos;method def&apos; hat eine unerwartete Einrückungstiefe von 16 (erwartet: 8)." source="com.puppycrawl.tools.checkstyle.checks.indentation.IndentationCheck"/>
<error line="97" column="17" severity="error" message="Das Unterelement von &apos;method def&apos; hat eine unerwartete Einrückungstiefe von 16 (erwartet: 8)." source="com.puppycrawl.tools.checkstyle.checks.indentation.IndentationCheck"/>
<error line="98" column="17" severity="error" message="Das Unterelement von &apos;method def&apos; hat eine unerwartete Einrückungstiefe von 16 (erwartet: 8)." source="com.puppycrawl.tools.checkstyle.checks.indentation.IndentationCheck"/>
<error line="99" severity="error" message="Line has trailing spaces." source="com.puppycrawl.tools.checkstyle.checks.regexp.RegexpSinglelineCheck"/>
<error line="101" column="17" severity="error" message="Das Unterelement von &apos;method def&apos; hat eine unerwartete Einrückungstiefe von 16 (erwartet: 8)." source="com.puppycrawl.tools.checkstyle.checks.indentation.IndentationCheck"/>
<error line="102" column="17" severity="error" message="Das Unterelement von &apos;method def&apos; hat eine unerwartete Einrückungstiefe von 16 (erwartet: 8)." source="com.puppycrawl.tools.checkstyle.checks.indentation.IndentationCheck"/>
<error line="103" column="17" severity="error" message="Das Unterelement von &apos;method def&apos; hat eine unerwartete Einrückungstiefe von 16 (erwartet: 8)." source="com.puppycrawl.tools.checkstyle.checks.indentation.IndentationCheck"/>
<error line="104" column="17" severity="error" message="Das Unterelement von &apos;method def&apos; hat eine unerwartete Einrückungstiefe von 16 (erwartet: 8)." source="com.puppycrawl.tools.checkstyle.checks.indentation.IndentationCheck"/>
<error line="106" column="17" severity="error" message="Das Unterelement von &apos;method def&apos; hat eine unerwartete Einrückungstiefe von 16 (erwartet: 8)." source="com.puppycrawl.tools.checkstyle.checks.indentation.IndentationCheck"/>
<error line="107" column="17" severity="error" message="Das Unterelement von &apos;method def&apos; hat eine unerwartete Einrückungstiefe von 16 (erwartet: 8)." source="com.puppycrawl.tools.checkstyle.checks.indentation.IndentationCheck"/>
<error line="108" column="17" severity="error" message="Das Unterelement von &apos;method def&apos; hat eine unerwartete Einrückungstiefe von 16 (erwartet: 8)." source="com.puppycrawl.tools.checkstyle.checks.indentation.IndentationCheck"/>
<error line="109" column="17" severity="error" message="Das Unterelement von &apos;method def&apos; hat eine unerwartete Einrückungstiefe von 16 (erwartet: 8)." source="com.puppycrawl.tools.checkstyle.checks.indentation.IndentationCheck"/>
<error line="110" column="17" severity="error" message="Das Unterelement von &apos;method def&apos; hat eine unerwartete Einrückungstiefe von 16 (erwartet: 8)." source="com.puppycrawl.tools.checkstyle.checks.indentation.IndentationCheck"/>
<error line="111" column="17" severity="error" message="Das Unterelement von &apos;method def&apos; hat eine unerwartete Einrückungstiefe von 16 (erwartet: 8)." source="com.puppycrawl.tools.checkstyle.checks.indentation.IndentationCheck"/>
<error line="114" column="17" severity="error" message="Das Unterelement von &apos;method def&apos; hat eine unerwartete Einrückungstiefe von 16 (erwartet: 8)." source="com.puppycrawl.tools.checkstyle.checks.indentation.IndentationCheck"/>
<error line="116" column="33" severity="error" message="Das Unterelement von &apos;method def&apos; hat eine unerwartete Einrückungstiefe von 32. Erwartet wird eine der folgenden Einrückungstiefen: 24, 28." source="com.puppycrawl.tools.checkstyle.checks.indentation.IndentationCheck"/>
<error line="120" column="17" severity="error" message="Das Unterelement von &apos;method def&apos; hat eine unerwartete Einrückungstiefe von 16 (erwartet: 8)." source="com.puppycrawl.tools.checkstyle.checks.indentation.IndentationCheck"/>
<error line="122" column="33" severity="error" message="Das Unterelement von &apos;method def&apos; hat eine unerwartete Einrückungstiefe von 32. Erwartet wird eine der folgenden Einrückungstiefen: 24, 28." source="com.puppycrawl.tools.checkstyle.checks.indentation.IndentationCheck"/>
<error line="126" column="17" severity="error" message="Das Unterelement von &apos;method def&apos; hat eine unerwartete Einrückungstiefe von 16 (erwartet: 8)." source="com.puppycrawl.tools.checkstyle.checks.indentation.IndentationCheck"/>
<error line="128" column="33" severity="error" message="Das Unterelement von &apos;method def&apos; hat eine unerwartete Einrückungstiefe von 32. Erwartet wird eine der folgenden Einrückungstiefen: 24, 28." source="com.puppycrawl.tools.checkstyle.checks.indentation.IndentationCheck"/>
<error line="129" column="33" severity="error" message="Das Unterelement von &apos;method def&apos; hat eine unerwartete Einrückungstiefe von 32. Erwartet wird eine der folgenden Einrückungstiefen: 24, 28." source="com.puppycrawl.tools.checkstyle.checks.indentation.IndentationCheck"/>
<error line="133" column="17" severity="error" message="Das Unterelement von &apos;method def&apos; hat eine unerwartete Einrückungstiefe von 16 (erwartet: 8)." source="com.puppycrawl.tools.checkstyle.checks.indentation.IndentationCheck"/>
<error line="135" column="33" severity="error" message="Das Unterelement von &apos;method def&apos; hat eine unerwartete Einrückungstiefe von 32. Erwartet wird eine der folgenden Einrückungstiefen: 24, 28." source="com.puppycrawl.tools.checkstyle.checks.indentation.IndentationCheck"/>
<error line="136" column="33" severity="error" message="Das Unterelement von &apos;method def&apos; hat eine unerwartete Einrückungstiefe von 32. Erwartet wird eine der folgenden Einrückungstiefen: 24, 28." source="com.puppycrawl.tools.checkstyle.checks.indentation.IndentationCheck"/>
<error line="140" column="17" severity="error" message="Das Unterelement von &apos;method def&apos; hat eine unerwartete Einrückungstiefe von 16 (erwartet: 8)." source="com.puppycrawl.tools.checkstyle.checks.indentation.IndentationCheck"/>
<error line="142" column="33" severity="error" message="Das Unterelement von &apos;method def&apos; hat eine unerwartete Einrückungstiefe von 32. Erwartet wird eine der folgenden Einrückungstiefen: 24, 28." source="com.puppycrawl.tools.checkstyle.checks.indentation.IndentationCheck"/>
<error line="143" column="33" severity="error" message="Das Unterelement von &apos;method def&apos; hat eine unerwartete Einrückungstiefe von 32. Erwartet wird eine der folgenden Einrückungstiefen: 24, 28." source="com.puppycrawl.tools.checkstyle.checks.indentation.IndentationCheck"/>
<error line="148" column="17" severity="error" message="Das Unterelement von &apos;method def&apos; hat eine unerwartete Einrückungstiefe von 16 (erwartet: 8)." source="com.puppycrawl.tools.checkstyle.checks.indentation.IndentationCheck"/>
<error line="149" column="17" severity="error" message="Das Unterelement von &apos;method def&apos; hat eine unerwartete Einrückungstiefe von 16 (erwartet: 8)." source="com.puppycrawl.tools.checkstyle.checks.indentation.IndentationCheck"/>
<error line="150" column="17" severity="error" message="Das Unterelement von &apos;method def&apos; hat eine unerwartete Einrückungstiefe von 16 (erwartet: 8)." source="com.puppycrawl.tools.checkstyle.checks.indentation.IndentationCheck"/>
<error line="151" severity="error" message="Line has trailing spaces." source="com.puppycrawl.tools.checkstyle.checks.regexp.RegexpSinglelineCheck"/>
<error line="153" column="17" severity="error" message="Das Unterelement von &apos;method def&apos; hat eine unerwartete Einrückungstiefe von 16 (erwartet: 8)." source="com.puppycrawl.tools.checkstyle.checks.indentation.IndentationCheck"/>
<error line="154" column="17" severity="error" message="Das Unterelement von &apos;method def&apos; hat eine unerwartete Einrückungstiefe von 16 (erwartet: 8)." source="com.puppycrawl.tools.checkstyle.checks.indentation.IndentationCheck"/>
<error line="155" column="17" severity="error" message="Das Unterelement von &apos;method def&apos; hat eine unerwartete Einrückungstiefe von 16 (erwartet: 8)." source="com.puppycrawl.tools.checkstyle.checks.indentation.IndentationCheck"/>
<error line="156" severity="error" message="Line has trailing spaces." source="com.puppycrawl.tools.checkstyle.checks.regexp.RegexpSinglelineCheck"/>
<error line="158" column="17" severity="error" message="Das Unterelement von &apos;method def&apos; hat eine unerwartete Einrückungstiefe von 16 (erwartet: 8)." source="com.puppycrawl.tools.checkstyle.checks.indentation.IndentationCheck"/>
<error line="159" severity="error" message="Line has trailing spaces." source="com.puppycrawl.tools.checkstyle.checks.regexp.RegexpSinglelineCheck"/>
<error line="160" column="17" severity="error" message="Das Unterelement von &apos;method def&apos; hat eine unerwartete Einrückungstiefe von 16 (erwartet: 8)." source="com.puppycrawl.tools.checkstyle.checks.indentation.IndentationCheck"/>
<error line="161" column="17" severity="error" message="Das Unterelement von &apos;method def&apos; hat eine unerwartete Einrückungstiefe von 16 (erwartet: 8)." source="com.puppycrawl.tools.checkstyle.checks.indentation.IndentationCheck"/>
<error line="162" column="17" severity="error" message="Das Unterelement von &apos;method def&apos; hat eine unerwartete Einrückungstiefe von 16 (erwartet: 8)." source="com.puppycrawl.tools.checkstyle.checks.indentation.IndentationCheck"/>
<error line="163" severity="error" message="Line has trailing spaces." source="com.puppycrawl.tools.checkstyle.checks.regexp.RegexpSinglelineCheck"/>
<error line="164" column="9" severity="error" message="&apos;method def rcurly&apos; hat eine unerwartete Einrückungstiefe von 8 (erwartet: 4)." source="com.puppycrawl.tools.checkstyle.checks.indentation.IndentationCheck"/>
<error line="167" column="9" severity="error" message="&apos;method def modifier&apos; hat eine unerwartete Einrückungstiefe von 8 (erwartet: 4)." source="com.puppycrawl.tools.checkstyle.checks.indentation.IndentationCheck"/>
<error line="168" column="17" severity="error" message="Das Unterelement von &apos;method def&apos; hat eine unerwartete Einrückungstiefe von 16 (erwartet: 8)." source="com.puppycrawl.tools.checkstyle.checks.indentation.IndentationCheck"/>
<error line="168" column="17" severity="error" message="Nach &apos;return&apos; fehlt ein Leerzeichen." source="com.puppycrawl.tools.checkstyle.checks.whitespace.WhitespaceAroundCheck"/>
<error line="168" column="24" severity="error" message="Überflüssige Klammern um den Bezeichner &apos;dbstr&apos;." source="com.puppycrawl.tools.checkstyle.checks.coding.UnnecessaryParenthesesCheck"/>
<error line="169" column="9" severity="error" message="&apos;method def rcurly&apos; hat eine unerwartete Einrückungstiefe von 8 (erwartet: 4)." source="com.puppycrawl.tools.checkstyle.checks.indentation.IndentationCheck"/>
<error line="170" severity="error" message="Line has trailing spaces." source="com.puppycrawl.tools.checkstyle.checks.regexp.RegexpSinglelineCheck"/>
<error line="173" column="9" severity="error" message="&apos;method def modifier&apos; hat eine unerwartete Einrückungstiefe von 8 (erwartet: 4)." source="com.puppycrawl.tools.checkstyle.checks.indentation.IndentationCheck"/>
<error line="173" column="9" severity="error" message="Es fehlt ein Javadoc-Kommentar." source="com.puppycrawl.tools.checkstyle.checks.javadoc.MissingJavadocMethodCheck"/>
<error line="174" severity="error" message="Line has trailing spaces." source="com.puppycrawl.tools.checkstyle.checks.regexp.RegexpSinglelineCheck"/>
<error line="175" column="17" severity="error" message="Das Unterelement von &apos;method def&apos; hat eine unerwartete Einrückungstiefe von 16 (erwartet: 8)." source="com.puppycrawl.tools.checkstyle.checks.indentation.IndentationCheck"/>
<error line="176" severity="error" message="Line has trailing spaces." source="com.puppycrawl.tools.checkstyle.checks.regexp.RegexpSinglelineCheck"/>
<error line="177" column="9" severity="error" message="&apos;method def rcurly&apos; hat eine unerwartete Einrückungstiefe von 8 (erwartet: 4)." source="com.puppycrawl.tools.checkstyle.checks.indentation.IndentationCheck"/>
</file>
<file name="C:\Users\maxwe\OneDrive\Desktop\Projects\git\book_converter\converter\src\main\java\com\converter\modules\windows\accdbPath.java">
<error line="6" column="1" severity="error" message="Falsche Reihenfolge des Imports von &apos;javax.swing.JButton&apos;." source="com.puppycrawl.tools.checkstyle.checks.imports.ImportOrderCheck"/>
<error line="8" column="1" severity="error" message="Falsche Reihenfolge des Imports von &apos;java.awt.event.ActionEvent&apos;." source="com.puppycrawl.tools.checkstyle.checks.imports.ImportOrderCheck"/>
<error line="8" column="1" severity="error" message="Zusätzliche Trennung in der Importgruppe vor &apos;java.awt.event.ActionEvent&apos;" source="com.puppycrawl.tools.checkstyle.checks.imports.ImportOrderCheck"/>
<error line="10" column="8" severity="error" message="Nicht verwendeter Import - java.io.FileReader." source="com.puppycrawl.tools.checkstyle.checks.imports.UnusedImportsCheck"/>
<error line="11" column="8" severity="error" message="Nicht verwendeter Import - java.io.FileWriter." source="com.puppycrawl.tools.checkstyle.checks.imports.UnusedImportsCheck"/>
<error line="12" column="8" severity="error" message="Nicht verwendeter Import - java.io.IOException." source="com.puppycrawl.tools.checkstyle.checks.imports.UnusedImportsCheck"/>
<error line="14" column="1" severity="error" message="Zusätzliche Trennung in der Importgruppe vor &apos;org.json.simple.*&apos;" source="com.puppycrawl.tools.checkstyle.checks.imports.ImportOrderCheck"/>
<error line="14" column="23" severity="error" message="Stern-Importe der Form &apos;.*&apos; sollten vermieden werden - org.json.simple.*." source="com.puppycrawl.tools.checkstyle.checks.imports.AvoidStarImportCheck"/>
<error line="15" column="8" severity="error" message="Nicht verwendeter Import - org.json.simple.parser.JSONParser." source="com.puppycrawl.tools.checkstyle.checks.imports.UnusedImportsCheck"/>
<error line="16" column="8" severity="error" message="Nicht verwendeter Import - org.json.simple.parser.ParseException." source="com.puppycrawl.tools.checkstyle.checks.imports.UnusedImportsCheck"/>
<error line="20" severity="error" message="Line has trailing spaces." source="com.puppycrawl.tools.checkstyle.checks.regexp.RegexpSinglelineCheck"/>
<error line="22" severity="error" message="Line has trailing spaces." source="com.puppycrawl.tools.checkstyle.checks.regexp.RegexpSinglelineCheck"/>
<error line="25" column="14" severity="error" message="Der Bezeichner &apos;accdbPath&apos; entspricht nicht dem Muster &apos;^[A-Z][a-zA-Z0-9]*$&apos;." source="com.puppycrawl.tools.checkstyle.checks.naming.TypeNameCheck"/>
<error line="25" column="38" severity="error" message="Vor &apos;{&apos; fehlt ein Leerzeichen." source="com.puppycrawl.tools.checkstyle.checks.whitespace.WhitespaceAroundCheck"/>
<error line="26" severity="error" message="Line has trailing spaces." source="com.puppycrawl.tools.checkstyle.checks.regexp.RegexpSinglelineCheck"/>
<error line="35" column="5" severity="error" message="Es fehlt ein Javadoc-Kommentar." source="com.puppycrawl.tools.checkstyle.checks.javadoc.MissingJavadocMethodCheck"/>
<error line="43" column="36" severity="error" message="Die magische Zahl &apos;20&apos; sollte als Konstante definiert werden." source="com.puppycrawl.tools.checkstyle.checks.coding.MagicNumberCheck"/>
<error line="50" severity="error" message="Line has trailing spaces." source="com.puppycrawl.tools.checkstyle.checks.regexp.RegexpSinglelineCheck"/>
<error line="60" severity="error" message="Line has trailing spaces." source="com.puppycrawl.tools.checkstyle.checks.regexp.RegexpSinglelineCheck"/>
<error line="66" column="5" severity="error" message="Es fehlt ein Javadoc-Kommentar." source="com.puppycrawl.tools.checkstyle.checks.javadoc.MissingJavadocMethodCheck"/>
<error line="76" severity="error" message="Line has trailing spaces." source="com.puppycrawl.tools.checkstyle.checks.regexp.RegexpSinglelineCheck"/>
<error line="80" column="5" severity="error" message="Es fehlt ein Javadoc-Kommentar." source="com.puppycrawl.tools.checkstyle.checks.javadoc.MissingJavadocMethodCheck"/>
</file>
<file name="C:\Users\maxwe\OneDrive\Desktop\Projects\git\book_converter\converter\src\main\java\com\converter\modules\windows\mdbPath.java">
<error line="6" column="1" severity="error" message="Falsche Reihenfolge des Imports von &apos;javax.swing.JButton&apos;." source="com.puppycrawl.tools.checkstyle.checks.imports.ImportOrderCheck"/>
<error line="8" column="1" severity="error" message="Falsche Reihenfolge des Imports von &apos;java.awt.event.ActionEvent&apos;." source="com.puppycrawl.tools.checkstyle.checks.imports.ImportOrderCheck"/>
<error line="8" column="1" severity="error" message="Zusätzliche Trennung in der Importgruppe vor &apos;java.awt.event.ActionEvent&apos;" source="com.puppycrawl.tools.checkstyle.checks.imports.ImportOrderCheck"/>
<error line="11" column="1" severity="error" message="Falsche Reihenfolge des Imports von &apos;com.converter.modules.functions.Config&apos;." source="com.puppycrawl.tools.checkstyle.checks.imports.ImportOrderCheck"/>
<error line="11" column="1" severity="error" message="Zusätzliche Trennung in der Importgruppe vor &apos;com.converter.modules.functions.Config&apos;" source="com.puppycrawl.tools.checkstyle.checks.imports.ImportOrderCheck"/>
<error line="16" severity="error" message="Line has trailing spaces." source="com.puppycrawl.tools.checkstyle.checks.regexp.RegexpSinglelineCheck"/>
<error line="18" severity="error" message="Line has trailing spaces." source="com.puppycrawl.tools.checkstyle.checks.regexp.RegexpSinglelineCheck"/>
<error line="21" column="14" severity="error" message="Der Bezeichner &apos;mdbPath&apos; entspricht nicht dem Muster &apos;^[A-Z][a-zA-Z0-9]*$&apos;." source="com.puppycrawl.tools.checkstyle.checks.naming.TypeNameCheck"/>
<error line="21" column="36" severity="error" message="Vor &apos;{&apos; fehlt ein Leerzeichen." source="com.puppycrawl.tools.checkstyle.checks.whitespace.WhitespaceAroundCheck"/>
<error line="22" severity="error" message="Line has trailing spaces." source="com.puppycrawl.tools.checkstyle.checks.regexp.RegexpSinglelineCheck"/>
<error line="32" column="5" severity="error" message="Es fehlt ein Javadoc-Kommentar." source="com.puppycrawl.tools.checkstyle.checks.javadoc.JavadocVariableCheck"/>
<error line="32" column="5" severity="error" message="Fehlerhafte Deklarationsreihenfolge für diesen Scope." source="com.puppycrawl.tools.checkstyle.checks.coding.DeclarationOrderCheck"/>
<error line="32" column="19" severity="error" message="Das Feld &apos;path&apos; muss als private deklariert werden und Zugriffsmethoden haben." source="com.puppycrawl.tools.checkstyle.checks.design.VisibilityModifierCheck"/>
<error line="32" column="19" severity="error" message="Die Variable &apos;path&apos; wird explizit mit &apos;null&apos; initialisiert (was dem Standardwert ihres Typs entspricht)." source="com.puppycrawl.tools.checkstyle.checks.coding.ExplicitInitializationCheck"/>
<error line="35" column="5" severity="error" message="Es fehlt ein Javadoc-Kommentar." source="com.puppycrawl.tools.checkstyle.checks.javadoc.MissingJavadocMethodCheck"/>
<error line="45" column="36" severity="error" message="Die magische Zahl &apos;20&apos; sollte als Konstante definiert werden." source="com.puppycrawl.tools.checkstyle.checks.coding.MagicNumberCheck"/>
<error line="52" severity="error" message="Line has trailing spaces." source="com.puppycrawl.tools.checkstyle.checks.regexp.RegexpSinglelineCheck"/>
<error line="62" severity="error" message="Line has trailing spaces." source="com.puppycrawl.tools.checkstyle.checks.regexp.RegexpSinglelineCheck"/>
<error line="68" column="5" severity="error" message="Es fehlt ein Javadoc-Kommentar." source="com.puppycrawl.tools.checkstyle.checks.javadoc.MissingJavadocMethodCheck"/>
<error line="78" severity="error" message="Line has trailing spaces." source="com.puppycrawl.tools.checkstyle.checks.regexp.RegexpSinglelineCheck"/>
<error line="82" column="5" severity="error" message="Es fehlt ein Javadoc-Kommentar." source="com.puppycrawl.tools.checkstyle.checks.javadoc.MissingJavadocMethodCheck"/>
</file>
<file name="C:\Users\maxwe\OneDrive\Desktop\Projects\git\book_converter\converter\src\main\java\com\converter\modules\windows\setIsbnWin.java">
<error line="6" column="1" severity="error" message="Falsche Reihenfolge des Imports von &apos;javax.swing.JButton&apos;." source="com.puppycrawl.tools.checkstyle.checks.imports.ImportOrderCheck"/>
<error line="8" column="1" severity="error" message="Falsche Reihenfolge des Imports von &apos;java.awt.event.ActionEvent&apos;." source="com.puppycrawl.tools.checkstyle.checks.imports.ImportOrderCheck"/>
<error line="8" column="1" severity="error" message="Zusätzliche Trennung in der Importgruppe vor &apos;java.awt.event.ActionEvent&apos;" source="com.puppycrawl.tools.checkstyle.checks.imports.ImportOrderCheck"/>
<error line="14" severity="error" message="Line has trailing spaces." source="com.puppycrawl.tools.checkstyle.checks.regexp.RegexpSinglelineCheck"/>
<error line="18" column="14" severity="error" message="Der Bezeichner &apos;setIsbnWin&apos; entspricht nicht dem Muster &apos;^[A-Z][a-zA-Z0-9]*$&apos;." source="com.puppycrawl.tools.checkstyle.checks.naming.TypeNameCheck"/>
<error line="18" column="39" severity="error" message="Vor &apos;{&apos; fehlt ein Leerzeichen." source="com.puppycrawl.tools.checkstyle.checks.whitespace.WhitespaceAroundCheck"/>
<error line="19" severity="error" message="Line has trailing spaces." source="com.puppycrawl.tools.checkstyle.checks.regexp.RegexpSinglelineCheck"/>
<error line="28" column="5" severity="error" message="Es fehlt ein Javadoc-Kommentar." source="com.puppycrawl.tools.checkstyle.checks.javadoc.MissingJavadocMethodCheck"/>
<error line="36" column="36" severity="error" message="Die magische Zahl &apos;10&apos; sollte als Konstante definiert werden." source="com.puppycrawl.tools.checkstyle.checks.coding.MagicNumberCheck"/>
<error line="43" severity="error" message="Line has trailing spaces." source="com.puppycrawl.tools.checkstyle.checks.regexp.RegexpSinglelineCheck"/>
<error line="52" severity="error" message="Line has trailing spaces." source="com.puppycrawl.tools.checkstyle.checks.regexp.RegexpSinglelineCheck"/>
<error line="58" column="5" severity="error" message="Es fehlt ein Javadoc-Kommentar." source="com.puppycrawl.tools.checkstyle.checks.javadoc.MissingJavadocMethodCheck"/>
<error line="68" severity="error" message="Line has trailing spaces." source="com.puppycrawl.tools.checkstyle.checks.regexp.RegexpSinglelineCheck"/>
</file>
<file name="C:\Users\maxwe\OneDrive\Desktop\Projects\git\book_converter\converter\src\test\java\com\converter\AppTest.java">
</file>
</checkstyle>
